#
# There is insufficient memory for the Java Runtime Environment to continue.
# Native memory allocation (malloc) failed to allocate 524304 bytes. Error detail: Chunk::new
# Possible reasons:
#   The system is out of physical RAM or swap space
#   This process is running with CompressedOops enabled, and the Java Heap may be blocking the growth of the native heap
# Possible solutions:
#   Reduce memory load on the system
#   Increase physical memory or swap space
#   Check if swap backing store is full
#   Decrease Java heap size (-Xmx/-Xms)
#   Decrease number of Java threads
#   Decrease Java thread stack sizes (-Xss)
#   Set larger code cache with -XX:ReservedCodeCacheSize=
#   JVM is running with Unscaled Compressed Oops mode in which the Java heap is
#     placed in the first 4GB address space. The Java Heap base address is the
#     maximum limit for the native heap growth. Please use -XX:HeapBaseMinAddress
#     to set the Java Heap base and to place the Java Heap above 4GB virtual address.
# This output file may be truncated or incomplete.
#
#  Out of Memory Error (arena.cpp:168), pid=26404, tid=17268
#
# JRE version: OpenJDK Runtime Environment Temurin-21.0.7+6 (21.0.7+6) (build 21.0.7+6-LTS)
# Java VM: OpenJDK 64-Bit Server VM Temurin-21.0.7+6 (21.0.7+6-LTS, mixed mode, sharing, tiered, compressed oops, compressed class ptrs, parallel gc, windows-amd64)
# No core dump will be written. Minidumps are not enabled by default on client versions of Windows
#

---------------  S U M M A R Y ------------

Command Line: --add-modules=ALL-SYSTEM --add-opens=java.base/java.util=ALL-UNNAMED --add-opens=java.base/java.lang=ALL-UNNAMED --add-opens=java.base/sun.nio.fs=ALL-UNNAMED -Declipse.application=org.eclipse.jdt.ls.core.id1 -Dosgi.bundles.defaultStartLevel=4 -Declipse.product=org.eclipse.jdt.ls.core.product -Djava.import.generatesMetadataFilesAtProjectRoot=false -DDetectVMInstallationsJob.disabled=true -Dfile.encoding=utf8 -XX:+UseParallelGC -XX:GCTimeRatio=4 -XX:AdaptiveSizePolicyWeight=90 -Dsun.zip.disableMemoryMapping=true -Xmx1G -Xms100m -Xlog:disable -javaagent:c:\Users\Admin\.vscode\extensions\redhat.java-1.42.0-win32-x64\lombok\lombok-1.18.36.jar c:\Users\Admin\.vscode\extensions\redhat.java-1.42.0-win32-x64\server\plugins\org.eclipse.equinox.launcher_1.7.0.v20250424-1814.jar -configuration c:\Users\Admin\AppData\Roaming\Code\User\globalStorage\redhat.java\1.42.0\config_ss_win -data c:\Users\Admin\AppData\Roaming\Code\User\workspaceStorage\f5ab5f417d9b430d7d4c03e689742e48\redhat.java\ss_ws --pipe=\\.\pipe\lsp-9724dc8022c35cffd75ce9d05e602404-sock

Host: 11th Gen Intel(R) Core(TM) i5-11400H @ 2.70GHz, 12 cores, 7G,  Windows 11 , 64 bit Build 22621 (10.0.22621.5262)
Time: Thu May 22 09:31:14 2025 SE Asia Standard Time elapsed time: 37.855312 seconds (0d 0h 0m 37s)

---------------  T H R E A D  ---------------

Current thread (0x0000016b6af632b0):  JavaThread "C2 CompilerThread0" daemon [_thread_in_native, id=17268, stack(0x0000006706b00000,0x0000006706c00000) (1024K)]


Current CompileTask:
C2:37855 6661       4       org.eclipse.jdt.internal.compiler.parser.Parser::consumeRule (7748 bytes)

Stack: [0x0000006706b00000,0x0000006706c00000]
Native frames: (J=compiled Java code, j=interpreted, Vv=VM code, C=native code)
V  [jvm.dll+0x6ce119]
V  [jvm.dll+0x8a84a1]
V  [jvm.dll+0x8aa9ce]
V  [jvm.dll+0x8ab0b3]
V  [jvm.dll+0x27f8a6]
V  [jvm.dll+0xc507d]
V  [jvm.dll+0xc55b3]
V  [jvm.dll+0x6f35e2]
V  [jvm.dll+0x2467fe]
V  [jvm.dll+0x1c760e]
V  [jvm.dll+0x25695a]
V  [jvm.dll+0x254efa]
V  [jvm.dll+0x3f03f6]
V  [jvm.dll+0x851f6b]
V  [jvm.dll+0x6cc7dd]
C  [ucrtbase.dll+0x29333]
C  [KERNEL32.DLL+0x1259d]
C  [ntdll.dll+0x5af58]


---------------  P R O C E S S  ---------------

Threads class SMR info:
_java_thread_list=0x0000016b4780a640, length=51, elements={
0x0000016b6aeb5cd0, 0x0000016b6af54470, 0x0000016b6af555d0, 0x0000016b6af570d0,
0x0000016b6af57fe0, 0x0000016b6af5e020, 0x0000016b6af5ce10, 0x0000016b6af632b0,
0x0000016b6af65f30, 0x0000016b4186e690, 0x0000016b41ac7c90, 0x0000016b42f206c0,
0x0000016b47333800, 0x0000016b470d83b0, 0x0000016b47023be0, 0x0000016b4720f970,
0x0000016b47484800, 0x0000016b474a5270, 0x0000016b47371d30, 0x0000016b47372a50,
0x0000016b47373e00, 0x0000016b473723c0, 0x0000016b47374490, 0x0000016b47371010,
0x0000016b473730e0, 0x0000016b47373770, 0x0000016b473716a0, 0x0000016b48bf4e40,
0x0000016b48bf54d0, 0x0000016b48bf3400, 0x0000016b48bf2d70, 0x0000016b48bf2050,
0x0000016b48bf4120, 0x0000016b48bf3a90, 0x0000016b48bf26e0, 0x0000016b48bf47b0,
0x0000016b47cb8680, 0x0000016b47cb5f20, 0x0000016b47cb9a30, 0x0000016b47cb65b0,
0x0000016b47cb72d0, 0x0000016b47cb7960, 0x0000016b47cb3e50, 0x0000016b47cb93a0,
0x0000016b47cb44e0, 0x0000016b47cb4b70, 0x0000016b47cb7ff0, 0x0000016b47cb5200,
0x0000016b47cba0c0, 0x0000016b47cb5890, 0x0000016b47cb6c40
}

Java Threads: ( => current thread )
  0x0000016b6aeb5cd0 JavaThread "main"                              [_thread_blocked, id=24828, stack(0x0000006706100000,0x0000006706200000) (1024K)]
  0x0000016b6af54470 JavaThread "Reference Handler"          daemon [_thread_blocked, id=28404, stack(0x0000006706500000,0x0000006706600000) (1024K)]
  0x0000016b6af555d0 JavaThread "Finalizer"                  daemon [_thread_blocked, id=25956, stack(0x0000006706600000,0x0000006706700000) (1024K)]
  0x0000016b6af570d0 JavaThread "Signal Dispatcher"          daemon [_thread_blocked, id=5744, stack(0x0000006706700000,0x0000006706800000) (1024K)]
  0x0000016b6af57fe0 JavaThread "Attach Listener"            daemon [_thread_blocked, id=13552, stack(0x0000006706800000,0x0000006706900000) (1024K)]
  0x0000016b6af5e020 JavaThread "Service Thread"             daemon [_thread_blocked, id=2972, stack(0x0000006706900000,0x0000006706a00000) (1024K)]
  0x0000016b6af5ce10 JavaThread "Monitor Deflation Thread"   daemon [_thread_blocked, id=6448, stack(0x0000006706a00000,0x0000006706b00000) (1024K)]
=>0x0000016b6af632b0 JavaThread "C2 CompilerThread0"         daemon [_thread_in_native, id=17268, stack(0x0000006706b00000,0x0000006706c00000) (1024K)]
  0x0000016b6af65f30 JavaThread "C1 CompilerThread0"         daemon [_thread_in_native, id=11496, stack(0x0000006706c00000,0x0000006706d00000) (1024K)]
  0x0000016b4186e690 JavaThread "Common-Cleaner"             daemon [_thread_blocked, id=14936, stack(0x0000006706d00000,0x0000006706e00000) (1024K)]
  0x0000016b41ac7c90 JavaThread "Notification Thread"        daemon [_thread_blocked, id=31564, stack(0x0000006706f00000,0x0000006707000000) (1024K)]
  0x0000016b42f206c0 JavaThread "Active Thread: Equinox Container: 7b5ca51f-331c-4ff0-b4d0-43f2dac85b85"        [_thread_blocked, id=24312, stack(0x0000006707700000,0x0000006707800000) (1024K)]
  0x0000016b47333800 JavaThread "Framework Event Dispatcher: Equinox Container: 7b5ca51f-331c-4ff0-b4d0-43f2dac85b85" daemon [_thread_blocked, id=24840, stack(0x0000006707600000,0x0000006707700000) (1024K)]
  0x0000016b470d83b0 JavaThread "Start Level: Equinox Container: 7b5ca51f-331c-4ff0-b4d0-43f2dac85b85" daemon [_thread_blocked, id=30936, stack(0x0000006707800000,0x0000006707900000) (1024K)]
  0x0000016b47023be0 JavaThread "SCR Component Actor"        daemon [_thread_blocked, id=4852, stack(0x0000006707900000,0x0000006707a00000) (1024K)]
  0x0000016b4720f970 JavaThread "Worker-JM"                         [_thread_blocked, id=28240, stack(0x0000006706e00000,0x0000006706f00000) (1024K)]
  0x0000016b47484800 JavaThread "JNA Cleaner"                daemon [_thread_blocked, id=26300, stack(0x0000006707f00000,0x0000006708000000) (1024K)]
  0x0000016b474a5270 JavaThread "Worker-0: Building"                [_thread_blocked, id=23172, stack(0x0000006708000000,0x0000006708100000) (1024K)]
  0x0000016b47371d30 JavaThread "Worker-1"                          [_thread_blocked, id=3312, stack(0x0000006708100000,0x0000006708200000) (1024K)]
  0x0000016b47372a50 JavaThread "Thread-2"                   daemon [_thread_in_native, id=17412, stack(0x0000006708200000,0x0000006708300000) (1024K)]
  0x0000016b47373e00 JavaThread "Thread-3"                   daemon [_thread_in_native, id=16904, stack(0x0000006708300000,0x0000006708400000) (1024K)]
  0x0000016b473723c0 JavaThread "Thread-4"                   daemon [_thread_in_native, id=4156, stack(0x0000006708400000,0x0000006708500000) (1024K)]
  0x0000016b47374490 JavaThread "Thread-5"                   daemon [_thread_in_native, id=18408, stack(0x0000006708500000,0x0000006708600000) (1024K)]
  0x0000016b47371010 JavaThread "Thread-6"                   daemon [_thread_in_native, id=6152, stack(0x0000006708600000,0x0000006708700000) (1024K)]
  0x0000016b473730e0 JavaThread "Thread-7"                   daemon [_thread_in_native, id=21840, stack(0x0000006708700000,0x0000006708800000) (1024K)]
  0x0000016b47373770 JavaThread "Thread-8"                   daemon [_thread_in_native, id=21988, stack(0x0000006708800000,0x0000006708900000) (1024K)]
  0x0000016b473716a0 JavaThread "Thread-9"                   daemon [_thread_in_native, id=6788, stack(0x0000006708900000,0x0000006708a00000) (1024K)]
  0x0000016b48bf4e40 JavaThread "Thread-10"                  daemon [_thread_in_native, id=2712, stack(0x0000006708a00000,0x0000006708b00000) (1024K)]
  0x0000016b48bf54d0 JavaThread "Thread-11"                  daemon [_thread_in_native, id=30512, stack(0x0000006708b00000,0x0000006708c00000) (1024K)]
  0x0000016b48bf3400 JavaThread "Thread-12"                  daemon [_thread_in_native, id=5012, stack(0x0000006708c00000,0x0000006708d00000) (1024K)]
  0x0000016b48bf2d70 JavaThread "Thread-13"                  daemon [_thread_in_native, id=23564, stack(0x0000006708d00000,0x0000006708e00000) (1024K)]
  0x0000016b48bf2050 JavaThread "Thread-14"                  daemon [_thread_in_native, id=22944, stack(0x0000006708e00000,0x0000006708f00000) (1024K)]
  0x0000016b48bf4120 JavaThread "pool-2-thread-1"                   [_thread_blocked, id=22996, stack(0x0000006707e00000,0x0000006707f00000) (1024K)]
  0x0000016b48bf3a90 JavaThread "Worker-2"                          [_thread_blocked, id=6096, stack(0x0000006708f00000,0x0000006709000000) (1024K)]
  0x0000016b48bf26e0 JavaThread "WorkspaceEventsHandler"            [_thread_blocked, id=18348, stack(0x0000006709000000,0x0000006709100000) (1024K)]
  0x0000016b48bf47b0 JavaThread "pool-1-thread-1"                   [_thread_blocked, id=19088, stack(0x0000006709100000,0x0000006709200000) (1024K)]
  0x0000016b47cb8680 JavaThread "ForkJoinPool.commonPool-worker-1" daemon [_thread_blocked, id=29024, stack(0x0000006707b00000,0x0000006707c00000) (1024K)]
  0x0000016b47cb5f20 JavaThread "ForkJoinPool.commonPool-worker-2" daemon [_thread_blocked, id=23192, stack(0x0000006709200000,0x0000006709300000) (1024K)]
  0x0000016b47cb9a30 JavaThread "ForkJoinPool.commonPool-worker-3" daemon [_thread_in_Java, id=6416, stack(0x0000006709500000,0x0000006709600000) (1024K)]
  0x0000016b47cb65b0 JavaThread "ForkJoinPool.commonPool-worker-4" daemon [_thread_blocked, id=27036, stack(0x0000006709600000,0x0000006709700000) (1024K)]
  0x0000016b47cb72d0 JavaThread "Compiler Source File Reader" daemon [_thread_blocked, id=6880, stack(0x0000006709300000,0x0000006709400000) (1024K)]
  0x0000016b47cb7960 JavaThread "Compiler Processing Task"   daemon [_thread_blocked, id=20072, stack(0x0000006709400000,0x0000006709500000) (1024K)]
  0x0000016b47cb3e50 JavaThread "Compiler Source File Reader" daemon [_thread_blocked, id=29884, stack(0x0000006709700000,0x0000006709800000) (1024K)]
  0x0000016b47cb93a0 JavaThread "Compiler Source File Reader" daemon [_thread_blocked, id=15688, stack(0x0000006709a00000,0x0000006709b00000) (1024K)]
  0x0000016b47cb44e0 JavaThread "Compiler Source File Reader" daemon [_thread_blocked, id=17804, stack(0x0000006709b00000,0x0000006709c00000) (1024K)]
  0x0000016b47cb4b70 JavaThread "Compiler Source File Reader" daemon [_thread_blocked, id=13516, stack(0x0000006709c00000,0x0000006709d00000) (1024K)]
  0x0000016b47cb7ff0 JavaThread "Compiler Source File Reader" daemon [_thread_blocked, id=17348, stack(0x0000006709d00000,0x0000006709e00000) (1024K)]
  0x0000016b47cb5200 JavaThread "Compiler Source File Reader" daemon [_thread_in_vm, id=4892, stack(0x0000006709e00000,0x0000006709f00000) (1024K)]
  0x0000016b47cba0c0 JavaThread "Compiler Source File Reader" daemon [_thread_in_vm, id=27228, stack(0x0000006709f00000,0x000000670a000000) (1024K)]
  0x0000016b47cb5890 JavaThread "Compiler Source File Reader" daemon [_thread_blocked, id=25908, stack(0x000000670a000000,0x000000670a100000) (1024K)]
  0x0000016b47cb6c40 JavaThread "Compiler Source File Reader" daemon [_thread_blocked, id=4800, stack(0x000000670a100000,0x000000670a200000) (1024K)]
Total: 51

Other Threads:
  0x0000016b41790e40 VMThread "VM Thread"                           [id=28536, stack(0x0000006706400000,0x0000006706500000) (1024K)]
  0x0000016b6af1f550 WatcherThread "VM Periodic Task Thread"        [id=8956, stack(0x0000006706300000,0x0000006706400000) (1024K)]
  0x0000016b6aed31a0 WorkerThread "GC Thread#0"                     [id=15252, stack(0x0000006706200000,0x0000006706300000) (1024K)]
  0x0000016b42d59a30 WorkerThread "GC Thread#1"                     [id=9636, stack(0x0000006707000000,0x0000006707100000) (1024K)]
  0x0000016b42a621c0 WorkerThread "GC Thread#2"                     [id=24364, stack(0x0000006707100000,0x0000006707200000) (1024K)]
  0x0000016b42e76370 WorkerThread "GC Thread#3"                     [id=31072, stack(0x0000006707200000,0x0000006707300000) (1024K)]
  0x0000016b42e76710 WorkerThread "GC Thread#4"                     [id=11796, stack(0x0000006707300000,0x0000006707400000) (1024K)]
  0x0000016b42e76ab0 WorkerThread "GC Thread#5"                     [id=25328, stack(0x0000006707400000,0x0000006707500000) (1024K)]
  0x0000016b42e76e50 WorkerThread "GC Thread#6"                     [id=30972, stack(0x0000006707500000,0x0000006707600000) (1024K)]
  0x0000016b42e502d0 WorkerThread "GC Thread#7"                     [id=11016, stack(0x0000006707a00000,0x0000006707b00000) (1024K)]
  0x0000016b4732cf80 WorkerThread "GC Thread#8"                     [id=17616, stack(0x0000006707c00000,0x0000006707d00000) (1024K)]
  0x0000016b4732d320 WorkerThread "GC Thread#9"                     [id=8188, stack(0x0000006707d00000,0x0000006707e00000) (1024K)]
Total: 12

Threads with active compile tasks:
C2 CompilerThread0  37880 6661       4       org.eclipse.jdt.internal.compiler.parser.Parser::consumeRule (7748 bytes)
C1 CompilerThread0  37880 6664       3       org.eclipse.jdt.internal.compiler.parser.Scanner::internalScanIdentifierOrKeyword (5041 bytes)
Total: 2

VM state: not at safepoint (normal execution)

VM Mutex/Monitor currently owned by a thread: None

Heap address: 0x00000000c0000000, size: 1024 MB, Compressed Oops mode: 32-bit

CDS archive(s) mapped at: [0x0000016b00000000-0x0000016b00ba0000-0x0000016b00ba0000), size 12189696, SharedBaseAddress: 0x0000016b00000000, ArchiveRelocationMode: 1.
Compressed class space mapped at: 0x0000016b01000000-0x0000016b41000000, reserved size: 1073741824
Narrow klass base: 0x0000016b00000000, Narrow klass shift: 0, Narrow klass range: 0x100000000

GC Precious Log:
 CardTable entry size: 512
 CPUs: 12 total, 12 available
 Memory: 7922M
 Large Page Support: Disabled
 NUMA Support: Disabled
 Compressed Oops: Enabled (32-bit)
 Alignments: Space 512K, Generation 512K, Heap 2M
 Heap Min Capacity: 100M
 Heap Initial Capacity: 100M
 Heap Max Capacity: 1G
 Pre-touch: Disabled
 Parallel Workers: 10

Heap:
 PSYoungGen      total 19968K, used 10106K [0x00000000eab00000, 0x00000000ec180000, 0x0000000100000000)
  eden space 17920K, 45% used [0x00000000eab00000,0x00000000eb2feb58,0x00000000ebc80000)
  from space 2048K, 93% used [0x00000000ebc80000,0x00000000ebe60020,0x00000000ebe80000)
  to   space 2560K, 0% used [0x00000000ebf00000,0x00000000ebf00000,0x00000000ec180000)
 ParOldGen       total 68608K, used 33338K [0x00000000c0000000, 0x00000000c4300000, 0x00000000eab00000)
  object space 68608K, 48% used [0x00000000c0000000,0x00000000c208eaf0,0x00000000c4300000)
 Metaspace       used 44220K, committed 45312K, reserved 1114112K
  class space    used 4322K, committed 4800K, reserved 1048576K

Card table byte_map: [0x0000016b6a870000,0x0000016b6aa80000] _byte_map_base: 0x0000016b6a270000

Marking Bits: (ParMarkBitMap*) 0x00007ffa2a0031f0
 Begin Bits: [0x0000016b7d0a0000, 0x0000016b7e0a0000)
 End Bits:   [0x0000016b7e0a0000, 0x0000016b7f0a0000)

Polling page: 0x0000016b68da0000

Metaspace:

Usage:
  Non-class:     38.96 MB used.
      Class:      4.22 MB used.
       Both:     43.18 MB used.

Virtual space:
  Non-class space:       64.00 MB reserved,      39.56 MB ( 62%) committed,  1 nodes.
      Class space:        1.00 GB reserved,       4.69 MB ( <1%) committed,  1 nodes.
             Both:        1.06 GB reserved,      44.25 MB (  4%) committed. 

Chunk freelists:
   Non-Class:  7.69 MB
       Class:  11.33 MB
        Both:  19.02 MB

MaxMetaspaceSize: unlimited
CompressedClassSpaceSize: 1.00 GB
Initial GC threshold: 21.00 MB
Current GC threshold: 58.38 MB
CDS: on
 - commit_granule_bytes: 65536.
 - commit_granule_words: 8192.
 - virtual_space_node_default_size: 8388608.
 - enlarge_chunks_in_place: 1.
 - use_allocation_guard: 0.


Internal statistics:

num_allocs_failed_limit: 6.
num_arena_births: 990.
num_arena_deaths: 96.
num_vsnodes_births: 2.
num_vsnodes_deaths: 0.
num_space_committed: 708.
num_space_uncommitted: 0.
num_chunks_returned_to_freelist: 132.
num_chunks_taken_from_freelist: 3007.
num_chunk_merges: 28.
num_chunk_splits: 1849.
num_chunks_enlarged: 1082.
num_inconsistent_stats: 0.

CodeHeap 'non-profiled nmethods': size=120000Kb used=3863Kb max_used=3863Kb free=116136Kb
 bounds [0x0000016b75b70000, 0x0000016b75f40000, 0x0000016b7d0a0000]
CodeHeap 'profiled nmethods': size=120000Kb used=13965Kb max_used=13965Kb free=106034Kb
 bounds [0x0000016b6e0a0000, 0x0000016b6ee50000, 0x0000016b755d0000]
CodeHeap 'non-nmethods': size=5760Kb used=1418Kb max_used=1530Kb free=4341Kb
 bounds [0x0000016b755d0000, 0x0000016b75840000, 0x0000016b75b70000]
 total_blobs=6982 nmethods=6265 adapters=623
 compilation: enabled
              stopped_count=0, restarted_count=0
 full_count=0

Compilation events (20 events):
Event: 37.842 Thread 0x0000016b6af65f30 6651       3       sun.nio.fs.WindowsPath::toWindowsPath (32 bytes)
Event: 37.842 Thread 0x0000016b6af65f30 nmethod 6651 0x0000016b6ee3dc10 code [0x0000016b6ee3de00, 0x0000016b6ee3e2e0]
Event: 37.842 Thread 0x0000016b6af65f30 6652       3       java.lang.ThreadLocal::getCarrierThreadLocal (29 bytes)
Event: 37.842 Thread 0x0000016b6af65f30 nmethod 6652 0x0000016b6ee3e410 code [0x0000016b6ee3e5c0, 0x0000016b6ee3e728]
Event: 37.843 Thread 0x0000016b6af65f30 6653       3       org.eclipse.jdt.core.Signature::checkNextChar (42 bytes)
Event: 37.843 Thread 0x0000016b6af65f30 nmethod 6653 0x0000016b6ee3e810 code [0x0000016b6ee3ea60, 0x0000016b6ee3f310]
Event: 37.844 Thread 0x0000016b6af65f30 6654       3       org.eclipse.jface.text.AbstractLineTracker::checkRewriteSession (12 bytes)
Event: 37.845 Thread 0x0000016b6af65f30 nmethod 6654 0x0000016b6ee3f690 code [0x0000016b6ee3f860, 0x0000016b6ee3fae8]
Event: 37.845 Thread 0x0000016b6af65f30 6655       3       org.eclipse.jface.text.AbstractLineTracker::hasActiveRewriteSession (8 bytes)
Event: 37.845 Thread 0x0000016b6af65f30 nmethod 6655 0x0000016b6ee3fc10 code [0x0000016b6ee3fdc0, 0x0000016b6ee3ff88]
Event: 37.847 Thread 0x0000016b6af65f30 6656   !   3       sun.nio.cs.StreamDecoder::read (78 bytes)
Event: 37.848 Thread 0x0000016b6af632b0 6659       4       java.util.Arrays::copyOfRange (90 bytes)
Event: 37.848 Thread 0x0000016b6af65f30 nmethod 6656 0x0000016b6ee40090 code [0x0000016b6ee40320, 0x0000016b6ee41178]
Event: 37.848 Thread 0x0000016b6af65f30 6658       3       sun.nio.cs.StreamDecoder::implRead (232 bytes)
Event: 37.849 Thread 0x0000016b6af65f30 nmethod 6658 0x0000016b6ee41690 code [0x0000016b6ee41940, 0x0000016b6ee42688]
Event: 37.849 Thread 0x0000016b6af65f30 6663       3       org.eclipse.jdt.internal.compiler.parser.Parser::getAnnotationType (116 bytes)
Event: 37.849 Thread 0x0000016b6af65f30 nmethod 6663 0x0000016b6ee42b10 code [0x0000016b6ee42d20, 0x0000016b6ee43388]
Event: 37.849 Thread 0x0000016b6af65f30 6664       3       org.eclipse.jdt.internal.compiler.parser.Scanner::internalScanIdentifierOrKeyword (5041 bytes)
Event: 37.852 Thread 0x0000016b6af632b0 nmethod 6659 0x0000016b75f35310 code [0x0000016b75f354c0, 0x0000016b75f35a00]
Event: 37.852 Thread 0x0000016b6af632b0 6661       4       org.eclipse.jdt.internal.compiler.parser.Parser::consumeRule (7748 bytes)

GC Heap History (20 events):
Event: 12.204 GC heap before
{Heap before GC invocations=18 (full 1):
 PSYoungGen      total 23552K, used 22976K [0x00000000eab00000, 0x00000000ec480000, 0x0000000100000000)
  eden space 20992K, 100% used [0x00000000eab00000,0x00000000ebf80000,0x00000000ebf80000)
  from space 2560K, 77% used [0x00000000ec200000,0x00000000ec3f0000,0x00000000ec480000)
  to   space 2560K, 0% used [0x00000000ebf80000,0x00000000ebf80000,0x00000000ec200000)
 ParOldGen       total 68608K, used 26477K [0x00000000c0000000, 0x00000000c4300000, 0x00000000eab00000)
  object space 68608K, 38% used [0x00000000c0000000,0x00000000c19db768,0x00000000c4300000)
 Metaspace       used 33312K, committed 34304K, reserved 1114112K
  class space    used 3283K, committed 3712K, reserved 1048576K
}
Event: 12.209 GC heap after
{Heap after GC invocations=18 (full 1):
 PSYoungGen      total 23040K, used 1632K [0x00000000eab00000, 0x00000000ec380000, 0x0000000100000000)
  eden space 20992K, 0% used [0x00000000eab00000,0x00000000eab00000,0x00000000ebf80000)
  from space 2048K, 79% used [0x00000000ebf80000,0x00000000ec118000,0x00000000ec180000)
  to   space 2048K, 0% used [0x00000000ec180000,0x00000000ec180000,0x00000000ec380000)
 ParOldGen       total 68608K, used 28310K [0x00000000c0000000, 0x00000000c4300000, 0x00000000eab00000)
  object space 68608K, 41% used [0x00000000c0000000,0x00000000c1ba5968,0x00000000c4300000)
 Metaspace       used 33312K, committed 34304K, reserved 1114112K
  class space    used 3283K, committed 3712K, reserved 1048576K
}
Event: 12.817 GC heap before
{Heap before GC invocations=19 (full 1):
 PSYoungGen      total 23040K, used 19196K [0x00000000eab00000, 0x00000000ec380000, 0x0000000100000000)
  eden space 20992K, 83% used [0x00000000eab00000,0x00000000ebc27060,0x00000000ebf80000)
  from space 2048K, 79% used [0x00000000ebf80000,0x00000000ec118000,0x00000000ec180000)
  to   space 2048K, 0% used [0x00000000ec180000,0x00000000ec180000,0x00000000ec380000)
 ParOldGen       total 68608K, used 28310K [0x00000000c0000000, 0x00000000c4300000, 0x00000000eab00000)
  object space 68608K, 41% used [0x00000000c0000000,0x00000000c1ba5968,0x00000000c4300000)
 Metaspace       used 34934K, committed 35840K, reserved 1114112K
  class space    used 3473K, committed 3904K, reserved 1048576K
}
Event: 12.821 GC heap after
{Heap after GC invocations=19 (full 1):
 PSYoungGen      total 22016K, used 677K [0x00000000eab00000, 0x00000000ec280000, 0x0000000100000000)
  eden space 20992K, 0% used [0x00000000eab00000,0x00000000eab00000,0x00000000ebf80000)
  from space 1024K, 66% used [0x00000000ec180000,0x00000000ec229568,0x00000000ec280000)
  to   space 1536K, 0% used [0x00000000ebf80000,0x00000000ebf80000,0x00000000ec100000)
 ParOldGen       total 68608K, used 29748K [0x00000000c0000000, 0x00000000c4300000, 0x00000000eab00000)
  object space 68608K, 43% used [0x00000000c0000000,0x00000000c1d0d268,0x00000000c4300000)
 Metaspace       used 34934K, committed 35840K, reserved 1114112K
  class space    used 3473K, committed 3904K, reserved 1048576K
}
Event: 12.821 GC heap before
{Heap before GC invocations=20 (full 2):
 PSYoungGen      total 22016K, used 677K [0x00000000eab00000, 0x00000000ec280000, 0x0000000100000000)
  eden space 20992K, 0% used [0x00000000eab00000,0x00000000eab00000,0x00000000ebf80000)
  from space 1024K, 66% used [0x00000000ec180000,0x00000000ec229568,0x00000000ec280000)
  to   space 1536K, 0% used [0x00000000ebf80000,0x00000000ebf80000,0x00000000ec100000)
 ParOldGen       total 68608K, used 29748K [0x00000000c0000000, 0x00000000c4300000, 0x00000000eab00000)
  object space 68608K, 43% used [0x00000000c0000000,0x00000000c1d0d268,0x00000000c4300000)
 Metaspace       used 34934K, committed 35840K, reserved 1114112K
  class space    used 3473K, committed 3904K, reserved 1048576K
}
Event: 12.882 GC heap after
{Heap after GC invocations=20 (full 2):
 PSYoungGen      total 22016K, used 0K [0x00000000eab00000, 0x00000000ec280000, 0x0000000100000000)
  eden space 20992K, 0% used [0x00000000eab00000,0x00000000eab00000,0x00000000ebf80000)
  from space 1024K, 0% used [0x00000000ec180000,0x00000000ec180000,0x00000000ec280000)
  to   space 1536K, 0% used [0x00000000ebf80000,0x00000000ebf80000,0x00000000ec100000)
 ParOldGen       total 68608K, used 28861K [0x00000000c0000000, 0x00000000c4300000, 0x00000000eab00000)
  object space 68608K, 42% used [0x00000000c0000000,0x00000000c1c2f6a0,0x00000000c4300000)
 Metaspace       used 34863K, committed 35840K, reserved 1114112K
  class space    used 3453K, committed 3904K, reserved 1048576K
}
Event: 13.551 GC heap before
{Heap before GC invocations=21 (full 2):
 PSYoungGen      total 22016K, used 20937K [0x00000000eab00000, 0x00000000ec280000, 0x0000000100000000)
  eden space 20992K, 99% used [0x00000000eab00000,0x00000000ebf727c0,0x00000000ebf80000)
  from space 1024K, 0% used [0x00000000ec180000,0x00000000ec180000,0x00000000ec280000)
  to   space 1536K, 0% used [0x00000000ebf80000,0x00000000ebf80000,0x00000000ec100000)
 ParOldGen       total 68608K, used 28861K [0x00000000c0000000, 0x00000000c4300000, 0x00000000eab00000)
  object space 68608K, 42% used [0x00000000c0000000,0x00000000c1c2f6a0,0x00000000c4300000)
 Metaspace       used 36464K, committed 37440K, reserved 1114112K
  class space    used 3596K, committed 4032K, reserved 1048576K
}
Event: 13.554 GC heap after
{Heap after GC invocations=21 (full 2):
 PSYoungGen      total 22528K, used 544K [0x00000000eab00000, 0x00000000ec200000, 0x0000000100000000)
  eden space 20992K, 0% used [0x00000000eab00000,0x00000000eab00000,0x00000000ebf80000)
  from space 1536K, 35% used [0x00000000ebf80000,0x00000000ec008000,0x00000000ec100000)
  to   space 1024K, 0% used [0x00000000ec100000,0x00000000ec100000,0x00000000ec200000)
 ParOldGen       total 68608K, used 28869K [0x00000000c0000000, 0x00000000c4300000, 0x00000000eab00000)
  object space 68608K, 42% used [0x00000000c0000000,0x00000000c1c316a0,0x00000000c4300000)
 Metaspace       used 36464K, committed 37440K, reserved 1114112K
  class space    used 3596K, committed 4032K, reserved 1048576K
}
Event: 13.654 GC heap before
{Heap before GC invocations=22 (full 2):
 PSYoungGen      total 22528K, used 21513K [0x00000000eab00000, 0x00000000ec200000, 0x0000000100000000)
  eden space 20992K, 99% used [0x00000000eab00000,0x00000000ebf7a528,0x00000000ebf80000)
  from space 1536K, 35% used [0x00000000ebf80000,0x00000000ec008000,0x00000000ec100000)
  to   space 1024K, 0% used [0x00000000ec100000,0x00000000ec100000,0x00000000ec200000)
 ParOldGen       total 68608K, used 28869K [0x00000000c0000000, 0x00000000c4300000, 0x00000000eab00000)
  object space 68608K, 42% used [0x00000000c0000000,0x00000000c1c316a0,0x00000000c4300000)
 Metaspace       used 36493K, committed 37440K, reserved 1114112K
  class space    used 3596K, committed 4032K, reserved 1048576K
}
Event: 13.663 GC heap after
{Heap after GC invocations=22 (full 2):
 PSYoungGen      total 22016K, used 761K [0x00000000eab00000, 0x00000000ec200000, 0x0000000100000000)
  eden space 20992K, 0% used [0x00000000eab00000,0x00000000eab00000,0x00000000ebf80000)
  from space 1024K, 74% used [0x00000000ec100000,0x00000000ec1be7f8,0x00000000ec200000)
  to   space 1024K, 0% used [0x00000000ec000000,0x00000000ec000000,0x00000000ec100000)
 ParOldGen       total 68608K, used 29253K [0x00000000c0000000, 0x00000000c4300000, 0x00000000eab00000)
  object space 68608K, 42% used [0x00000000c0000000,0x00000000c1c916a0,0x00000000c4300000)
 Metaspace       used 36493K, committed 37440K, reserved 1114112K
  class space    used 3596K, committed 4032K, reserved 1048576K
}
Event: 13.972 GC heap before
{Heap before GC invocations=23 (full 2):
 PSYoungGen      total 22016K, used 21753K [0x00000000eab00000, 0x00000000ec200000, 0x0000000100000000)
  eden space 20992K, 100% used [0x00000000eab00000,0x00000000ebf80000,0x00000000ebf80000)
  from space 1024K, 74% used [0x00000000ec100000,0x00000000ec1be7f8,0x00000000ec200000)
  to   space 1024K, 0% used [0x00000000ec000000,0x00000000ec000000,0x00000000ec100000)
 ParOldGen       total 68608K, used 29253K [0x00000000c0000000, 0x00000000c4300000, 0x00000000eab00000)
  object space 68608K, 42% used [0x00000000c0000000,0x00000000c1c916a0,0x00000000c4300000)
 Metaspace       used 37824K, committed 38784K, reserved 1114112K
  class space    used 3714K, committed 4160K, reserved 1048576K
}
Event: 13.981 GC heap after
{Heap after GC invocations=23 (full 2):
 PSYoungGen      total 21504K, used 416K [0x00000000eab00000, 0x00000000ec180000, 0x0000000100000000)
  eden space 20992K, 0% used [0x00000000eab00000,0x00000000eab00000,0x00000000ebf80000)
  from space 512K, 81% used [0x00000000ec000000,0x00000000ec068000,0x00000000ec080000)
  to   space 1024K, 0% used [0x00000000ec080000,0x00000000ec080000,0x00000000ec180000)
 ParOldGen       total 68608K, used 29285K [0x00000000c0000000, 0x00000000c4300000, 0x00000000eab00000)
  object space 68608K, 42% used [0x00000000c0000000,0x00000000c1c996a0,0x00000000c4300000)
 Metaspace       used 37824K, committed 38784K, reserved 1114112K
  class space    used 3714K, committed 4160K, reserved 1048576K
}
Event: 15.615 GC heap before
{Heap before GC invocations=24 (full 2):
 PSYoungGen      total 21504K, used 21408K [0x00000000eab00000, 0x00000000ec180000, 0x0000000100000000)
  eden space 20992K, 100% used [0x00000000eab00000,0x00000000ebf80000,0x00000000ebf80000)
  from space 512K, 81% used [0x00000000ec000000,0x00000000ec068000,0x00000000ec080000)
  to   space 1024K, 0% used [0x00000000ec080000,0x00000000ec080000,0x00000000ec180000)
 ParOldGen       total 68608K, used 29285K [0x00000000c0000000, 0x00000000c4300000, 0x00000000eab00000)
  object space 68608K, 42% used [0x00000000c0000000,0x00000000c1c996a0,0x00000000c4300000)
 Metaspace       used 40532K, committed 41536K, reserved 1114112K
  class space    used 3964K, committed 4416K, reserved 1048576K
}
Event: 15.619 GC heap after
{Heap after GC invocations=24 (full 2):
 PSYoungGen      total 20480K, used 992K [0x00000000eab00000, 0x00000000ec480000, 0x0000000100000000)
  eden space 19456K, 0% used [0x00000000eab00000,0x00000000eab00000,0x00000000ebe00000)
  from space 1024K, 96% used [0x00000000ec080000,0x00000000ec178050,0x00000000ec180000)
  to   space 2560K, 0% used [0x00000000ebe00000,0x00000000ebe00000,0x00000000ec080000)
 ParOldGen       total 68608K, used 30111K [0x00000000c0000000, 0x00000000c4300000, 0x00000000eab00000)
  object space 68608K, 43% used [0x00000000c0000000,0x00000000c1d67ec0,0x00000000c4300000)
 Metaspace       used 40532K, committed 41536K, reserved 1114112K
  class space    used 3964K, committed 4416K, reserved 1048576K
}
Event: 15.952 GC heap before
{Heap before GC invocations=25 (full 2):
 PSYoungGen      total 20480K, used 20448K [0x00000000eab00000, 0x00000000ec480000, 0x0000000100000000)
  eden space 19456K, 99% used [0x00000000eab00000,0x00000000ebdfffe8,0x00000000ebe00000)
  from space 1024K, 96% used [0x00000000ec080000,0x00000000ec178050,0x00000000ec180000)
  to   space 2560K, 0% used [0x00000000ebe00000,0x00000000ebe00000,0x00000000ec080000)
 ParOldGen       total 68608K, used 30111K [0x00000000c0000000, 0x00000000c4300000, 0x00000000eab00000)
  object space 68608K, 43% used [0x00000000c0000000,0x00000000c1d67ec0,0x00000000c4300000)
 Metaspace       used 41058K, committed 42176K, reserved 1114112K
  class space    used 4021K, committed 4544K, reserved 1048576K
}
Event: 15.955 GC heap after
{Heap after GC invocations=25 (full 2):
 PSYoungGen      total 20992K, used 1072K [0x00000000eab00000, 0x00000000ec100000, 0x0000000100000000)
  eden space 19456K, 0% used [0x00000000eab00000,0x00000000eab00000,0x00000000ebe00000)
  from space 1536K, 69% used [0x00000000ebe00000,0x00000000ebf0c010,0x00000000ebf80000)
  to   space 1536K, 0% used [0x00000000ebf80000,0x00000000ebf80000,0x00000000ec100000)
 ParOldGen       total 68608K, used 30916K [0x00000000c0000000, 0x00000000c4300000, 0x00000000eab00000)
  object space 68608K, 45% used [0x00000000c0000000,0x00000000c1e313f0,0x00000000c4300000)
 Metaspace       used 41058K, committed 42176K, reserved 1114112K
  class space    used 4021K, committed 4544K, reserved 1048576K
}
Event: 29.184 GC heap before
{Heap before GC invocations=26 (full 2):
 PSYoungGen      total 20992K, used 20528K [0x00000000eab00000, 0x00000000ec100000, 0x0000000100000000)
  eden space 19456K, 100% used [0x00000000eab00000,0x00000000ebe00000,0x00000000ebe00000)
  from space 1536K, 69% used [0x00000000ebe00000,0x00000000ebf0c010,0x00000000ebf80000)
  to   space 1536K, 0% used [0x00000000ebf80000,0x00000000ebf80000,0x00000000ec100000)
 ParOldGen       total 68608K, used 30916K [0x00000000c0000000, 0x00000000c4300000, 0x00000000eab00000)
  object space 68608K, 45% used [0x00000000c0000000,0x00000000c1e313f0,0x00000000c4300000)
 Metaspace       used 43141K, committed 44288K, reserved 1114112K
  class space    used 4236K, committed 4736K, reserved 1048576K
}
Event: 29.191 GC heap after
{Heap after GC invocations=26 (full 2):
 PSYoungGen      total 19456K, used 1506K [0x00000000eab00000, 0x00000000ec400000, 0x0000000100000000)
  eden space 17920K, 0% used [0x00000000eab00000,0x00000000eab00000,0x00000000ebc80000)
  from space 1536K, 98% used [0x00000000ebf80000,0x00000000ec0f8910,0x00000000ec100000)
  to   space 3072K, 0% used [0x00000000ebc80000,0x00000000ebc80000,0x00000000ebf80000)
 ParOldGen       total 68608K, used 31996K [0x00000000c0000000, 0x00000000c4300000, 0x00000000eab00000)
  object space 68608K, 46% used [0x00000000c0000000,0x00000000c1f3f068,0x00000000c4300000)
 Metaspace       used 43141K, committed 44288K, reserved 1114112K
  class space    used 4236K, committed 4736K, reserved 1048576K
}
Event: 31.250 GC heap before
{Heap before GC invocations=27 (full 2):
 PSYoungGen      total 19456K, used 19426K [0x00000000eab00000, 0x00000000ec400000, 0x0000000100000000)
  eden space 17920K, 100% used [0x00000000eab00000,0x00000000ebc80000,0x00000000ebc80000)
  from space 1536K, 98% used [0x00000000ebf80000,0x00000000ec0f8910,0x00000000ec100000)
  to   space 3072K, 0% used [0x00000000ebc80000,0x00000000ebc80000,0x00000000ebf80000)
 ParOldGen       total 68608K, used 31996K [0x00000000c0000000, 0x00000000c4300000, 0x00000000eab00000)
  object space 68608K, 46% used [0x00000000c0000000,0x00000000c1f3f068,0x00000000c4300000)
 Metaspace       used 43985K, committed 45120K, reserved 1114112K
  class space    used 4304K, committed 4800K, reserved 1048576K
}
Event: 31.254 GC heap after
{Heap after GC invocations=27 (full 2):
 PSYoungGen      total 19968K, used 1920K [0x00000000eab00000, 0x00000000ec180000, 0x0000000100000000)
  eden space 17920K, 0% used [0x00000000eab00000,0x00000000eab00000,0x00000000ebc80000)
  from space 2048K, 93% used [0x00000000ebc80000,0x00000000ebe60020,0x00000000ebe80000)
  to   space 2560K, 0% used [0x00000000ebf00000,0x00000000ebf00000,0x00000000ec180000)
 ParOldGen       total 68608K, used 33338K [0x00000000c0000000, 0x00000000c4300000, 0x00000000eab00000)
  object space 68608K, 48% used [0x00000000c0000000,0x00000000c208eaf0,0x00000000c4300000)
 Metaspace       used 43985K, committed 45120K, reserved 1114112K
  class space    used 4304K, committed 4800K, reserved 1048576K
}

Dll operation events (10 events):
Event: 0.010 Loaded shared library c:\Users\Admin\.vscode\extensions\redhat.java-1.42.0-win32-x64\jre\21.0.7-win32-x86_64\bin\java.dll
Event: 0.117 Loaded shared library c:\Users\Admin\.vscode\extensions\redhat.java-1.42.0-win32-x64\jre\21.0.7-win32-x86_64\bin\zip.dll
Event: 0.137 Loaded shared library C:\Users\Admin\.vscode\extensions\redhat.java-1.42.0-win32-x64\jre\21.0.7-win32-x86_64\bin\instrument.dll
Event: 0.144 Loaded shared library C:\Users\Admin\.vscode\extensions\redhat.java-1.42.0-win32-x64\jre\21.0.7-win32-x86_64\bin\net.dll
Event: 0.146 Loaded shared library C:\Users\Admin\.vscode\extensions\redhat.java-1.42.0-win32-x64\jre\21.0.7-win32-x86_64\bin\nio.dll
Event: 0.152 Loaded shared library C:\Users\Admin\.vscode\extensions\redhat.java-1.42.0-win32-x64\jre\21.0.7-win32-x86_64\bin\zip.dll
Event: 0.181 Loaded shared library C:\Users\Admin\.vscode\extensions\redhat.java-1.42.0-win32-x64\jre\21.0.7-win32-x86_64\bin\jimage.dll
Event: 0.356 Loaded shared library c:\Users\Admin\.vscode\extensions\redhat.java-1.42.0-win32-x64\jre\21.0.7-win32-x86_64\bin\verify.dll
Event: 2.611 Loaded shared library C:\Users\Admin\AppData\Roaming\Code\User\globalStorage\redhat.java\1.42.0\config_ss_win\org.eclipse.equinox.launcher\org.eclipse.equinox.launcher.win32.win32.x86_64_1.2.1300.v20250331-1702\eclipse_11911.dll
Event: 4.340 Loaded shared library C:\Users\Admin\AppData\Local\Temp\jna-63116079\jna7928357699939324519.dll

Deoptimization events (20 events):
Event: 37.696 Thread 0x0000016b48bf47b0 Uncommon trap: trap_request=0xffffff45 fr.pc=0x0000016b75e8cb0c relative=0x000000000000042c
Event: 37.696 Thread 0x0000016b48bf47b0 Uncommon trap: reason=unstable_if action=reinterpret pc=0x0000016b75e8cb0c method=java.util.HashMap.removeNode(ILjava/lang/Object;Ljava/lang/Object;ZZ)Ljava/util/HashMap$Node; @ 211 c2
Event: 37.696 Thread 0x0000016b48bf47b0 DEOPT PACKING pc=0x0000016b75e8cb0c sp=0x00000067091fd3f0
Event: 37.696 Thread 0x0000016b48bf47b0 DEOPT UNPACKING pc=0x0000016b75626da2 sp=0x00000067091fd2f0 mode 2
Event: 37.697 Thread 0x0000016b48bf47b0 Uncommon trap: trap_request=0xffffff45 fr.pc=0x0000016b75c184a8 relative=0x0000000000000148
Event: 37.697 Thread 0x0000016b48bf47b0 Uncommon trap: reason=unstable_if action=reinterpret pc=0x0000016b75c184a8 method=java.util.HashMap.getNode(Ljava/lang/Object;)Ljava/util/HashMap$Node; @ 66 c2
Event: 37.697 Thread 0x0000016b48bf47b0 DEOPT PACKING pc=0x0000016b75c184a8 sp=0x00000067091fd210
Event: 37.697 Thread 0x0000016b48bf47b0 DEOPT UNPACKING pc=0x0000016b75626da2 sp=0x00000067091fd190 mode 2
Event: 37.817 Thread 0x0000016b47cb44e0 DEOPT PACKING pc=0x0000016b6ee1e649 sp=0x0000006709bfe6e0
Event: 37.817 Thread 0x0000016b47cb44e0 DEOPT UNPACKING pc=0x0000016b756278e2 sp=0x0000006709bfdb50 mode 0
Event: 37.848 Thread 0x0000016b47cb7ff0 DEOPT PACKING pc=0x0000016b6ee1e649 sp=0x0000006709dfe8b0
Event: 37.848 Thread 0x0000016b47cb7ff0 DEOPT UNPACKING pc=0x0000016b756278e2 sp=0x0000006709dfdd20 mode 0
Event: 37.848 Thread 0x0000016b47cb7ff0 Uncommon trap: trap_request=0xffffff45 fr.pc=0x0000016b75b8248c relative=0x000000000000016c
Event: 37.848 Thread 0x0000016b47cb7ff0 Uncommon trap: reason=unstable_if action=reinterpret pc=0x0000016b75b8248c method=java.lang.StringCoding.countPositives([BII)I @ 17 c2
Event: 37.848 Thread 0x0000016b47cb7ff0 DEOPT PACKING pc=0x0000016b75b8248c sp=0x0000006709dfe880
Event: 37.848 Thread 0x0000016b47cb7ff0 DEOPT UNPACKING pc=0x0000016b75626da2 sp=0x0000006709dfe828 mode 2
Event: 37.849 Thread 0x0000016b474a5270 Uncommon trap: trap_request=0xffffff45 fr.pc=0x0000016b75f2580c relative=0x000000000000118c
Event: 37.849 Thread 0x0000016b474a5270 Uncommon trap: reason=unstable_if action=reinterpret pc=0x0000016b75f2580c method=org.eclipse.jdt.internal.compiler.parser.Scanner.internalScanIdentifierOrKeyword(II[C)Lorg/eclipse/jdt/internal/compiler/parser/TerminalToken; @ 1313 c2
Event: 37.849 Thread 0x0000016b474a5270 DEOPT PACKING pc=0x0000016b75f2580c sp=0x00000067080fdf70
Event: 37.849 Thread 0x0000016b474a5270 DEOPT UNPACKING pc=0x0000016b75626da2 sp=0x00000067080fdf18 mode 2

Classes loaded (20 events):
Event: 27.738 Loading class sun/util/logging/resources/logging_en_US
Event: 27.738 Loading class sun/util/logging/resources/logging_en_US done
Event: 27.738 Loading class sun/util/logging/resources/logging_en_US
Event: 27.738 Loading class sun/util/logging/resources/logging_en_US done
Event: 27.739 Loading class java/util/Formatter$DateTime
Event: 27.739 Loading class java/util/Formatter$DateTime done
Event: 27.739 Loading class java/time/ZonedDateTime$1
Event: 27.739 Loading class java/time/ZonedDateTime$1 done
Event: 30.891 Loading class java/util/zip/CheckedInputStream
Event: 30.894 Loading class java/util/zip/CheckedInputStream done
Event: 30.961 Loading class java/util/stream/DistinctOps
Event: 30.971 Loading class java/util/stream/DistinctOps done
Event: 30.973 Loading class java/util/stream/DistinctOps$1
Event: 30.974 Loading class java/util/stream/DistinctOps$1 done
Event: 30.980 Loading class java/util/stream/DistinctOps$1$2
Event: 30.980 Loading class java/util/stream/DistinctOps$1$2 done
Event: 30.982 Loading class java/nio/file/Files$2
Event: 30.982 Loading class java/nio/file/Files$2 done
Event: 31.039 Loading class java/util/concurrent/ArrayBlockingQueue
Event: 31.040 Loading class java/util/concurrent/ArrayBlockingQueue done

Classes unloaded (20 events):
Event: 12.832 Thread 0x0000016b41790e40 Unloading class 0x0000016b0136e000 'java/lang/invoke/LambdaForm$DMH+0x0000016b0136e000'
Event: 12.832 Thread 0x0000016b41790e40 Unloading class 0x0000016b0136d000 'java/lang/invoke/LambdaForm$MH+0x0000016b0136d000'
Event: 12.832 Thread 0x0000016b41790e40 Unloading class 0x0000016b0136d400 'java/lang/invoke/LambdaForm$MH+0x0000016b0136d400'
Event: 12.832 Thread 0x0000016b41790e40 Unloading class 0x0000016b01369c00 'java/lang/invoke/LambdaForm$MH+0x0000016b01369c00'
Event: 12.832 Thread 0x0000016b41790e40 Unloading class 0x0000016b01369400 'java/lang/invoke/LambdaForm$MH+0x0000016b01369400'
Event: 12.832 Thread 0x0000016b41790e40 Unloading class 0x0000016b01368c00 'java/lang/invoke/LambdaForm$MH+0x0000016b01368c00'
Event: 12.832 Thread 0x0000016b41790e40 Unloading class 0x0000016b01368800 'java/lang/invoke/LambdaForm$MH+0x0000016b01368800'
Event: 12.832 Thread 0x0000016b41790e40 Unloading class 0x0000016b01368400 'java/lang/invoke/LambdaForm$MH+0x0000016b01368400'
Event: 12.832 Thread 0x0000016b41790e40 Unloading class 0x0000016b01367c00 'java/lang/invoke/LambdaForm$MH+0x0000016b01367c00'
Event: 12.832 Thread 0x0000016b41790e40 Unloading class 0x0000016b01367400 'java/lang/invoke/LambdaForm$MH+0x0000016b01367400'
Event: 12.832 Thread 0x0000016b41790e40 Unloading class 0x0000016b01367000 'java/lang/invoke/LambdaForm$MH+0x0000016b01367000'
Event: 12.832 Thread 0x0000016b41790e40 Unloading class 0x0000016b01366800 'java/lang/invoke/LambdaForm$MH+0x0000016b01366800'
Event: 12.832 Thread 0x0000016b41790e40 Unloading class 0x0000016b01365c00 'java/lang/invoke/LambdaForm$MH+0x0000016b01365c00'
Event: 12.832 Thread 0x0000016b41790e40 Unloading class 0x0000016b01366000 'java/lang/invoke/LambdaForm$MH+0x0000016b01366000'
Event: 12.832 Thread 0x0000016b41790e40 Unloading class 0x0000016b01365400 'java/lang/invoke/LambdaForm$MH+0x0000016b01365400'
Event: 12.832 Thread 0x0000016b41790e40 Unloading class 0x0000016b01365000 'java/lang/invoke/LambdaForm$MH+0x0000016b01365000'
Event: 12.832 Thread 0x0000016b41790e40 Unloading class 0x0000016b01364c00 'java/lang/invoke/LambdaForm$MH+0x0000016b01364c00'
Event: 12.832 Thread 0x0000016b41790e40 Unloading class 0x0000016b01364400 'java/lang/invoke/LambdaForm$MH+0x0000016b01364400'
Event: 12.832 Thread 0x0000016b41790e40 Unloading class 0x0000016b01364000 'java/lang/invoke/LambdaForm$DMH+0x0000016b01364000'
Event: 12.832 Thread 0x0000016b41790e40 Unloading class 0x0000016b01361c00 'java/lang/invoke/LambdaForm$DMH+0x0000016b01361c00'

Classes redefined (0 events):
No events

Internal exceptions (20 events):
Event: 15.278 Thread 0x0000016b47cb65b0 Exception <a 'java/lang/NoSuchMethodError'{0x00000000eb825810}: 'int java.lang.invoke.DirectMethodHandle$Holder.invokeInterface(java.lang.Object, java.lang.Object)'> (0x00000000eb825810) 
thrown [s\src\hotspot\share\interpreter\linkResolver.cpp, line 773]
Event: 15.279 Thread 0x0000016b47cb65b0 Exception <a 'java/lang/IncompatibleClassChangeError'{0x00000000eb828ad0}: Found class java.lang.Object, but interface was expected> (0x00000000eb828ad0) 
thrown [s\src\hotspot\share\interpreter\linkResolver.cpp, line 840]
Event: 15.386 Thread 0x0000016b47cb65b0 Exception <a 'java/lang/NoSuchMethodError'{0x00000000ebaf8f30}: 'int java.lang.invoke.DirectMethodHandle$Holder.invokeSpecialIFC(java.lang.Object, java.lang.Object, java.lang.Object)'> (0x00000000ebaf8f30) 
thrown [s\src\hotspot\share\interpreter\linkResolver.cpp, line 773]
Event: 15.452 Thread 0x0000016b47cb65b0 Exception <a 'java/io/FileNotFoundException'{0x00000000ebc407c0}> (0x00000000ebc407c0) 
thrown [s\src\hotspot\share\prims\jni.cpp, line 520]
Event: 15.453 Thread 0x0000016b47cb65b0 Exception <a 'java/io/FileNotFoundException'{0x00000000ebc41a70}> (0x00000000ebc41a70) 
thrown [s\src\hotspot\share\prims\jni.cpp, line 520]
Event: 15.821 Thread 0x0000016b48bf3a90 Exception <a 'java/lang/NoSuchMethodError'{0x00000000eb192220}: 'java.lang.Object java.lang.invoke.DirectMethodHandle$Holder.invokeStatic(java.lang.Object, java.lang.Object, int, int)'> (0x00000000eb192220) 
thrown [s\src\hotspot\share\interpreter\linkResolver.cpp, line 773]
Event: 15.821 Thread 0x0000016b47cb65b0 Exception <a 'java/lang/NoSuchMethodError'{0x00000000eb16ded8}: 'java.lang.Object java.lang.invoke.DirectMethodHandle$Holder.invokeStatic(java.lang.Object, java.lang.Object, int, int)'> (0x00000000eb16ded8) 
thrown [s\src\hotspot\share\interpreter\linkResolver.cpp, line 773]
Event: 15.822 Thread 0x0000016b48bf3a90 Exception <a 'java/lang/NoSuchMethodError'{0x00000000eb196738}: 'java.lang.Object java.lang.invoke.DirectMethodHandle$Holder.invokeSpecial(java.lang.Object, java.lang.Object, java.lang.Object, int, int)'> (0x00000000eb196738) 
thrown [s\src\hotspot\share\interpreter\linkResolver.cpp, line 773]
Event: 15.822 Thread 0x0000016b47cb65b0 Exception <a 'java/lang/NoSuchMethodError'{0x00000000eb172168}: 'java.lang.Object java.lang.invoke.DirectMethodHandle$Holder.invokeSpecial(java.lang.Object, java.lang.Object, java.lang.Object, int, int)'> (0x00000000eb172168) 
thrown [s\src\hotspot\share\interpreter\linkResolver.cpp, line 773]
Event: 15.947 Thread 0x0000016b47cb65b0 Exception <a 'java/lang/LinkageError'{0x00000000ebdd6960}: loader lombok.launch.ShadowClassLoader @5dadf370 attempted duplicate class definition for lombok.launch.PatchFixesHider$Val. (lombok.launch.PatchFixesHider$Val is in unnamed module of loader lombok.launch.ShadowClassLoader @5dadf370, parent loader org.eclipse.osgi.internal.loader.EquinoxClassLoader @44192020)> (0x00000000ebdd6960) 
thrown [s\src\hotspot\share\classfile\systemDictionary.cpp, line 1682]
Event: 15.959 Thread 0x0000016b47cb65b0 Exception <a 'java/lang/LinkageError'{0x00000000eab25258}: loader lombok.launch.ShadowClassLoader @5dadf370 attempted duplicate class definition for lombok.launch.PatchFixesHider$ExtensionMethod. (lombok.launch.PatchFixesHider$ExtensionMethod is in unnamed module of loader lombok.launch.ShadowClassLoader @5dadf370, parent loader org.eclipse.osgi.internal.loader.EquinoxClassLoader @44192020)> (0x00000000eab25258) 
thrown [s\src\hotspot\share\classfile\systemDictionary.cpp, line 1682]
Event: 16.093 Thread 0x0000016b48bf3a90 Exception <a 'java/io/FileNotFoundException'{0x00000000eb06f480}> (0x00000000eb06f480) 
thrown [s\src\hotspot\share\prims\jni.cpp, line 520]
Event: 16.094 Thread 0x0000016b48bf3a90 Exception <a 'java/io/FileNotFoundException'{0x00000000eb070480}> (0x00000000eb070480) 
thrown [s\src\hotspot\share\prims\jni.cpp, line 520]
Event: 16.094 Thread 0x0000016b48bf3a90 Exception <a 'java/io/FileNotFoundException'{0x00000000eb0711f0}> (0x00000000eb0711f0) 
thrown [s\src\hotspot\share\prims\jni.cpp, line 520]
Event: 27.629 Thread 0x0000016b48bf47b0 Exception <a 'java/lang/IncompatibleClassChangeError'{0x00000000eb94f3a8}: Found class java.lang.Object, but interface was expected> (0x00000000eb94f3a8) 
thrown [s\src\hotspot\share\interpreter\linkResolver.cpp, line 840]
Event: 27.737 Thread 0x0000016b48bf47b0 Exception <a 'java/lang/ClassNotFoundException'{0x00000000eba91e30}: sun/util/logging/resources/spi/loggingProvider> (0x00000000eba91e30) 
thrown [s\src\hotspot\share\classfile\systemDictionary.cpp, line 312]
Event: 30.616 Thread 0x0000016b48bf47b0 Exception <a 'java/io/FileNotFoundException'{0x00000000eb75aaa0}> (0x00000000eb75aaa0) 
thrown [s\src\hotspot\share\prims\jni.cpp, line 520]
Event: 30.616 Thread 0x0000016b48bf47b0 Exception <a 'java/io/FileNotFoundException'{0x00000000eb75bd40}> (0x00000000eb75bd40) 
thrown [s\src\hotspot\share\prims\jni.cpp, line 520]
Event: 30.617 Thread 0x0000016b48bf47b0 Exception <a 'java/io/FileNotFoundException'{0x00000000eb75cd58}> (0x00000000eb75cd58) 
thrown [s\src\hotspot\share\prims\jni.cpp, line 520]
Event: 32.659 Thread 0x0000016b47cb65b0 Exception <a 'java/lang/ArrayIndexOutOfBoundsException'{0x00000000eaf2c7d0}> (0x00000000eaf2c7d0) 
thrown [s\src\hotspot\share\runtime\sharedRuntime.cpp, line 625]

ZGC Phase Switch (0 events):
No events

VM Operations (20 events):
Event: 30.202 Executing VM operation: Cleanup
Event: 30.202 Executing VM operation: Cleanup done
Event: 30.778 Executing VM operation: HandshakeAllThreads (Deoptimize)
Event: 30.779 Executing VM operation: HandshakeAllThreads (Deoptimize) done
Event: 30.787 Executing VM operation: HandshakeAllThreads (Deoptimize)
Event: 30.788 Executing VM operation: HandshakeAllThreads (Deoptimize) done
Event: 30.979 Executing VM operation: HandshakeAllThreads (Deoptimize)
Event: 30.979 Executing VM operation: HandshakeAllThreads (Deoptimize) done
Event: 31.249 Executing VM operation: ParallelGCFailedAllocation (Allocation Failure)
Event: 31.254 Executing VM operation: ParallelGCFailedAllocation (Allocation Failure) done
Event: 31.265 Executing VM operation: HandshakeAllThreads (Deoptimize)
Event: 31.265 Executing VM operation: HandshakeAllThreads (Deoptimize) done
Event: 31.707 Executing VM operation: HandshakeAllThreads (Deoptimize)
Event: 31.707 Executing VM operation: HandshakeAllThreads (Deoptimize) done
Event: 32.709 Executing VM operation: Cleanup
Event: 32.709 Executing VM operation: Cleanup done
Event: 37.695 Executing VM operation: HandshakeAllThreads (Deoptimize)
Event: 37.695 Executing VM operation: HandshakeAllThreads (Deoptimize) done
Event: 37.695 Executing VM operation: Cleanup
Event: 37.695 Executing VM operation: Cleanup done

Memory protections (0 events):
No events

Nmethod flushes (20 events):
Event: 12.848 Thread 0x0000016b41790e40 flushing  nmethod 0x0000016b6e4c8490
Event: 12.848 Thread 0x0000016b41790e40 flushing  nmethod 0x0000016b6e4fd390
Event: 12.848 Thread 0x0000016b41790e40 flushing  nmethod 0x0000016b6e4fdd90
Event: 12.848 Thread 0x0000016b41790e40 flushing  nmethod 0x0000016b6e504090
Event: 12.848 Thread 0x0000016b41790e40 flushing  nmethod 0x0000016b6e505410
Event: 12.848 Thread 0x0000016b41790e40 flushing  nmethod 0x0000016b6e51f690
Event: 12.848 Thread 0x0000016b41790e40 flushing  nmethod 0x0000016b6e520990
Event: 12.848 Thread 0x0000016b41790e40 flushing  nmethod 0x0000016b6e521010
Event: 12.848 Thread 0x0000016b41790e40 flushing  nmethod 0x0000016b6e521610
Event: 12.848 Thread 0x0000016b41790e40 flushing  nmethod 0x0000016b6e550090
Event: 12.848 Thread 0x0000016b41790e40 flushing  nmethod 0x0000016b6e553410
Event: 12.848 Thread 0x0000016b41790e40 flushing  nmethod 0x0000016b6e553b10
Event: 12.848 Thread 0x0000016b41790e40 flushing  nmethod 0x0000016b6e593590
Event: 12.848 Thread 0x0000016b41790e40 flushing  nmethod 0x0000016b6e596e90
Event: 12.848 Thread 0x0000016b41790e40 flushing  nmethod 0x0000016b6e5a1610
Event: 12.848 Thread 0x0000016b41790e40 flushing  nmethod 0x0000016b6e5a2410
Event: 12.848 Thread 0x0000016b41790e40 flushing  nmethod 0x0000016b6e5a2790
Event: 12.848 Thread 0x0000016b41790e40 flushing  nmethod 0x0000016b6e5a7510
Event: 12.848 Thread 0x0000016b41790e40 flushing  nmethod 0x0000016b6e5a9f10
Event: 12.848 Thread 0x0000016b41790e40 flushing  nmethod 0x0000016b6e5ab890

Events (20 events):
Event: 12.797 Thread 0x0000016b48cdc740 Thread exited: 0x0000016b48cdc740
Event: 13.580 Thread 0x0000016b6af65f30 Thread added: 0x0000016b48de5f10
Event: 13.611 Thread 0x0000016b48de5f10 Thread added: 0x0000016b48de87f0
Event: 14.541 Thread 0x0000016b48bf47b0 Thread added: 0x0000016b47cb9a30
Event: 14.553 Thread 0x0000016b47cb9a30 Thread added: 0x0000016b47cb65b0
Event: 15.489 Thread 0x0000016b48de87f0 Thread exited: 0x0000016b48de87f0
Event: 15.919 Thread 0x0000016b6af65f30 Thread added: 0x0000016b48de8120
Event: 21.264 Thread 0x0000016b48de5f10 Thread exited: 0x0000016b48de5f10
Event: 21.264 Thread 0x0000016b48de8120 Thread exited: 0x0000016b48de8120
Event: 30.944 Thread 0x0000016b48bf3a90 Thread added: 0x0000016b47cb72d0
Event: 31.042 Thread 0x0000016b48bf3a90 Thread added: 0x0000016b47cb7960
Event: 31.461 Thread 0x0000016b48bf3a90 Thread added: 0x0000016b47cb3e50
Event: 37.811 Thread 0x0000016b474a5270 Thread added: 0x0000016b47cb93a0
Event: 37.811 Thread 0x0000016b474a5270 Thread added: 0x0000016b47cb44e0
Event: 37.811 Thread 0x0000016b474a5270 Thread added: 0x0000016b47cb4b70
Event: 37.811 Thread 0x0000016b474a5270 Thread added: 0x0000016b47cb7ff0
Event: 37.811 Thread 0x0000016b474a5270 Thread added: 0x0000016b47cb5200
Event: 37.811 Thread 0x0000016b474a5270 Thread added: 0x0000016b47cba0c0
Event: 37.812 Thread 0x0000016b474a5270 Thread added: 0x0000016b47cb5890
Event: 37.812 Thread 0x0000016b474a5270 Thread added: 0x0000016b47cb6c40


Dynamic libraries:
0x00007ff60e7e0000 - 0x00007ff60e7ee000 	c:\Users\Admin\.vscode\extensions\redhat.java-1.42.0-win32-x64\jre\21.0.7-win32-x86_64\bin\java.exe
0x00007ffac7270000 - 0x00007ffac7487000 	C:\WINDOWS\SYSTEM32\ntdll.dll
0x00007ffac6140000 - 0x00007ffac6204000 	C:\WINDOWS\System32\KERNEL32.DLL
0x00007ffac4580000 - 0x00007ffac4953000 	C:\WINDOWS\System32\KERNELBASE.dll
0x00007ffac4960000 - 0x00007ffac4a71000 	C:\WINDOWS\System32\ucrtbase.dll
0x00007ffabb890000 - 0x00007ffabb8a8000 	c:\Users\Admin\.vscode\extensions\redhat.java-1.42.0-win32-x64\jre\21.0.7-win32-x86_64\bin\jli.dll
0x00007ffab6170000 - 0x00007ffab618e000 	c:\Users\Admin\.vscode\extensions\redhat.java-1.42.0-win32-x64\jre\21.0.7-win32-x86_64\bin\VCRUNTIME140.dll
0x00007ffac6a10000 - 0x00007ffac6bc1000 	C:\WINDOWS\System32\USER32.dll
0x00007ffac4b00000 - 0x00007ffac4b26000 	C:\WINDOWS\System32\win32u.dll
0x00007ffaaa290000 - 0x00007ffaaa52b000 	C:\WINDOWS\WinSxS\amd64_microsoft.windows.common-controls_6595b64144ccf1df_6.0.22621.5262_none_2712bde373830908\COMCTL32.dll
0x00007ffac5b30000 - 0x00007ffac5b59000 	C:\WINDOWS\System32\GDI32.dll
0x00007ffac5b60000 - 0x00007ffac5c07000 	C:\WINDOWS\System32\msvcrt.dll
0x00007ffac4b30000 - 0x00007ffac4c52000 	C:\WINDOWS\System32\gdi32full.dll
0x00007ffac4da0000 - 0x00007ffac4e3a000 	C:\WINDOWS\System32\msvcp_win.dll
0x00007ffac5f00000 - 0x00007ffac5f31000 	C:\WINDOWS\System32\IMM32.DLL
0x00007ffabf150000 - 0x00007ffabf15c000 	c:\Users\Admin\.vscode\extensions\redhat.java-1.42.0-win32-x64\jre\21.0.7-win32-x86_64\bin\vcruntime140_1.dll
0x00007ffa97fe0000 - 0x00007ffa9806d000 	c:\Users\Admin\.vscode\extensions\redhat.java-1.42.0-win32-x64\jre\21.0.7-win32-x86_64\bin\msvcp140.dll
0x00007ffa29350000 - 0x00007ffa2a0e0000 	c:\Users\Admin\.vscode\extensions\redhat.java-1.42.0-win32-x64\jre\21.0.7-win32-x86_64\bin\server\jvm.dll
0x00007ffac5c80000 - 0x00007ffac5d31000 	C:\WINDOWS\System32\ADVAPI32.dll
0x00007ffac5e50000 - 0x00007ffac5ef7000 	C:\WINDOWS\System32\sechost.dll
0x00007ffac4550000 - 0x00007ffac4578000 	C:\WINDOWS\System32\bcrypt.dll
0x00007ffac5f40000 - 0x00007ffac6054000 	C:\WINDOWS\System32\RPCRT4.dll
0x00007ffac50b0000 - 0x00007ffac5121000 	C:\WINDOWS\System32\WS2_32.dll
0x00007ffac31c0000 - 0x00007ffac320d000 	C:\WINDOWS\SYSTEM32\POWRPROF.dll
0x00007ffabc570000 - 0x00007ffabc5a4000 	C:\WINDOWS\SYSTEM32\WINMM.dll
0x00007ffabc330000 - 0x00007ffabc33a000 	C:\WINDOWS\SYSTEM32\VERSION.dll
0x00007ffac31a0000 - 0x00007ffac31b3000 	C:\WINDOWS\SYSTEM32\UMPDC.dll
0x00007ffac3470000 - 0x00007ffac3488000 	C:\WINDOWS\SYSTEM32\kernel.appcore.dll
0x00007ffabdf50000 - 0x00007ffabdf5a000 	c:\Users\Admin\.vscode\extensions\redhat.java-1.42.0-win32-x64\jre\21.0.7-win32-x86_64\bin\jimage.dll
0x00007ffac1ca0000 - 0x00007ffac1ed2000 	C:\WINDOWS\SYSTEM32\DBGHELP.DLL
0x00007ffac6bd0000 - 0x00007ffac6f63000 	C:\WINDOWS\System32\combase.dll
0x00007ffac6240000 - 0x00007ffac6317000 	C:\WINDOWS\System32\OLEAUT32.dll
0x00007ffab54a0000 - 0x00007ffab54d2000 	C:\WINDOWS\SYSTEM32\dbgcore.DLL
0x00007ffac4a80000 - 0x00007ffac4afb000 	C:\WINDOWS\System32\bcryptPrimitives.dll
0x00007ffabd600000 - 0x00007ffabd60f000 	c:\Users\Admin\.vscode\extensions\redhat.java-1.42.0-win32-x64\jre\21.0.7-win32-x86_64\bin\instrument.dll
0x00007ffab60e0000 - 0x00007ffab60ff000 	c:\Users\Admin\.vscode\extensions\redhat.java-1.42.0-win32-x64\jre\21.0.7-win32-x86_64\bin\java.dll
0x00007ffac5130000 - 0x00007ffac59cd000 	C:\WINDOWS\System32\SHELL32.dll
0x00007ffac4c60000 - 0x00007ffac4d9f000 	C:\WINDOWS\System32\wintypes.dll
0x00007ffac2260000 - 0x00007ffac2b7d000 	C:\WINDOWS\SYSTEM32\windows.storage.dll
0x00007ffac5d40000 - 0x00007ffac5e4b000 	C:\WINDOWS\System32\SHCORE.dll
0x00007ffac5c10000 - 0x00007ffac5c76000 	C:\WINDOWS\System32\shlwapi.dll
0x00007ffac4290000 - 0x00007ffac42bb000 	C:\WINDOWS\SYSTEM32\profapi.dll
0x00007ffab6100000 - 0x00007ffab6118000 	c:\Users\Admin\.vscode\extensions\redhat.java-1.42.0-win32-x64\jre\21.0.7-win32-x86_64\bin\zip.dll
0x00007ffabb860000 - 0x00007ffabb870000 	C:\Users\Admin\.vscode\extensions\redhat.java-1.42.0-win32-x64\jre\21.0.7-win32-x86_64\bin\net.dll
0x00007ffabdf80000 - 0x00007ffabe0ac000 	C:\WINDOWS\SYSTEM32\WINHTTP.dll
0x00007ffac3910000 - 0x00007ffac397a000 	C:\WINDOWS\system32\mswsock.dll
0x00007ffaab170000 - 0x00007ffaab186000 	C:\Users\Admin\.vscode\extensions\redhat.java-1.42.0-win32-x64\jre\21.0.7-win32-x86_64\bin\nio.dll
0x00007ffab6c30000 - 0x00007ffab6c40000 	c:\Users\Admin\.vscode\extensions\redhat.java-1.42.0-win32-x64\jre\21.0.7-win32-x86_64\bin\verify.dll
0x00007ffa8c430000 - 0x00007ffa8c475000 	C:\Users\Admin\AppData\Roaming\Code\User\globalStorage\redhat.java\1.42.0\config_ss_win\org.eclipse.equinox.launcher\org.eclipse.equinox.launcher.win32.win32.x86_64_1.2.1300.v20250331-1702\eclipse_11911.dll
0x00007ffac4f00000 - 0x00007ffac50a1000 	C:\WINDOWS\System32\ole32.dll
0x00007ffac3b60000 - 0x00007ffac3b7b000 	C:\WINDOWS\SYSTEM32\CRYPTSP.dll
0x00007ffac33d0000 - 0x00007ffac3407000 	C:\WINDOWS\system32\rsaenh.dll
0x00007ffac3a00000 - 0x00007ffac3a28000 	C:\WINDOWS\SYSTEM32\USERENV.dll
0x00007ffac3b80000 - 0x00007ffac3b8c000 	C:\WINDOWS\SYSTEM32\CRYPTBASE.dll
0x00007ffac2e50000 - 0x00007ffac2e7d000 	C:\WINDOWS\SYSTEM32\IPHLPAPI.DLL
0x00007ffac6230000 - 0x00007ffac6239000 	C:\WINDOWS\System32\NSI.dll
0x00007ffa8bbf0000 - 0x00007ffa8bc39000 	C:\Users\Admin\AppData\Local\Temp\jna-63116079\jna7928357699939324519.dll
0x00007ffac6a00000 - 0x00007ffac6a08000 	C:\WINDOWS\System32\PSAPI.DLL
0x00007ffabcb50000 - 0x00007ffabcb69000 	C:\WINDOWS\SYSTEM32\dhcpcsvc6.DLL
0x00007ffabc870000 - 0x00007ffabc88f000 	C:\WINDOWS\SYSTEM32\dhcpcsvc.DLL

dbghelp: loaded successfully - version: 4.0.5 - missing functions: none
symbol engine: initialized successfully - sym options: 0x614 - pdb path: .;c:\Users\Admin\.vscode\extensions\redhat.java-1.42.0-win32-x64\jre\21.0.7-win32-x86_64\bin;C:\WINDOWS\SYSTEM32;C:\WINDOWS\WinSxS\amd64_microsoft.windows.common-controls_6595b64144ccf1df_6.0.22621.5262_none_2712bde373830908;c:\Users\Admin\.vscode\extensions\redhat.java-1.42.0-win32-x64\jre\21.0.7-win32-x86_64\bin\server;C:\Users\Admin\AppData\Roaming\Code\User\globalStorage\redhat.java\1.42.0\config_ss_win\org.eclipse.equinox.launcher\org.eclipse.equinox.launcher.win32.win32.x86_64_1.2.1300.v20250331-1702;C:\Users\Admin\AppData\Local\Temp\jna-63116079

VM Arguments:
jvm_args: --add-modules=ALL-SYSTEM --add-opens=java.base/java.util=ALL-UNNAMED --add-opens=java.base/java.lang=ALL-UNNAMED --add-opens=java.base/sun.nio.fs=ALL-UNNAMED -Declipse.application=org.eclipse.jdt.ls.core.id1 -Dosgi.bundles.defaultStartLevel=4 -Declipse.product=org.eclipse.jdt.ls.core.product -Djava.import.generatesMetadataFilesAtProjectRoot=false -DDetectVMInstallationsJob.disabled=true -Dfile.encoding=utf8 -XX:+UseParallelGC -XX:GCTimeRatio=4 -XX:AdaptiveSizePolicyWeight=90 -Dsun.zip.disableMemoryMapping=true -Xmx1G -Xms100m -Xlog:disable -javaagent:c:\Users\Admin\.vscode\extensions\redhat.java-1.42.0-win32-x64\lombok\lombok-1.18.36.jar 
java_command: c:\Users\Admin\.vscode\extensions\redhat.java-1.42.0-win32-x64\server\plugins\org.eclipse.equinox.launcher_1.7.0.v20250424-1814.jar -configuration c:\Users\Admin\AppData\Roaming\Code\User\globalStorage\redhat.java\1.42.0\config_ss_win -data c:\Users\Admin\AppData\Roaming\Code\User\workspaceStorage\f5ab5f417d9b430d7d4c03e689742e48\redhat.java\ss_ws --pipe=\\.\pipe\lsp-9724dc8022c35cffd75ce9d05e602404-sock
java_class_path (initial): c:\Users\Admin\.vscode\extensions\redhat.java-1.42.0-win32-x64\server\plugins\org.eclipse.equinox.launcher_1.7.0.v20250424-1814.jar
Launcher Type: SUN_STANDARD

[Global flags]
    uintx AdaptiveSizePolicyWeight                 = 90                                        {product} {command line}
     intx CICompilerCount                          = 4                                         {product} {ergonomic}
    uintx GCTimeRatio                              = 4                                         {product} {command line}
   size_t InitialHeapSize                          = 104857600                                 {product} {command line}
   size_t MaxHeapSize                              = 1073741824                                {product} {command line}
   size_t MaxNewSize                               = 357564416                                 {product} {ergonomic}
   size_t MinHeapDeltaBytes                        = 524288                                    {product} {ergonomic}
   size_t MinHeapSize                              = 104857600                                 {product} {command line}
   size_t NewSize                                  = 34603008                                  {product} {ergonomic}
    uintx NonNMethodCodeHeapSize                   = 5839372                                {pd product} {ergonomic}
    uintx NonProfiledCodeHeapSize                  = 122909434                              {pd product} {ergonomic}
   size_t OldSize                                  = 70254592                                  {product} {ergonomic}
    uintx ProfiledCodeHeapSize                     = 122909434                              {pd product} {ergonomic}
    uintx ReservedCodeCacheSize                    = 251658240                              {pd product} {ergonomic}
     bool SegmentedCodeCache                       = true                                      {product} {ergonomic}
   size_t SoftMaxHeapSize                          = 1073741824                             {manageable} {ergonomic}
     bool UseCompressedOops                        = true                           {product lp64_product} {ergonomic}
     bool UseLargePagesIndividualAllocation        = false                                  {pd product} {ergonomic}
     bool UseParallelGC                            = true                                      {product} {command line}

Logging:
Log output configuration:
 #0: stdout all=off uptime,level,tags foldmultilines=false
 #1: stderr all=off uptime,level,tags foldmultilines=false

Environment Variables:
JAVA_HOME=C:\Users\Admin\Downloads\jdk-22_windows-x64_bin\jdk-22.0.1
PATH=C:\Python313\Scripts\;C:\Python313\;C:\Program Files\Common Files\Oracle\Java\javapath;C:\Program Files (x86)\Common Files\Oracle\Java\java8path;C:\Program Files (x86)\Common Files\Oracle\Java\javapath;C:\Program Files\Microsoft MPI\Bin\;C:\Windows\system32;C:\Windows;C:\Windows\System32\Wbem;C:\Windows\System32\WindowsPowerShell\v1.0\;C:\Windows\System32\OpenSSH\;C:\Program Files (x86)\NVIDIA Corporation\PhysX\Common;C:\Program Files\NVIDIA Corporation\NVIDIA NvDLISR;C:\WINDOWS\system32;C:\WINDOWS;C:\WINDOWS\System32\Wbem;C:\WINDOWS\System32\WindowsPowerShell\v1.0\;C:\WINDOWS\System32\OpenSSH\;C:\Program Files\dotnet\;C:\Program Files (x86)\Microsoft SQL Server\160\Tools\Binn\;C:\Program Files\Microsoft SQL Server\160\Tools\Binn\;C:\Program Files\Microsoft SQL Server\Client SDK\ODBC\170\Tools\Binn\;C:\Program Files\Microsoft SQL Server\160\DTS\Binn\;C:\Program Files (x86)\Microsoft SQL Server\160\DTS\Binn\;C:\Program Files\Azure Data Studio\bin;C:\Users\Admin\Downloads\jdk-22_windows-x64_bin\jdk-22.0.1\bin;C:\Users\Admin\Downloads\apache-maven-3.9.6\bin;C:\Users\Admin\Downloads\apache-maven-3.9.6\bin;C:\Users\Admin\Downloads\jdk-22_windows-x64_bin\myprj\movewar.bat;C:\Program Files\Git\cmd;C:\Program Files\Docker\Docker\resources\bin;C:\Program Files\nodejs\;C:\ProgramData\chocolatey\bin;C:\Users\Admin\AppData\Local\Programs\Python\Launcher\;C:\Program Files\MySQL\MySQL Shell 8.0\bin\;C:\texlive\2022\bin\win32;C:\Users\Admin\AppData\Local\Microsoft\WindowsApps;C:\Users\Admin\AppData\Local\Programs\MiKTeX\miktex\bin\x64\;C:\Users\Admin\AppData\Local\Programs\Microsoft VS Code\bin;C:\Program Files\Azure Data Studio\bin;C:\MinGW\bin;C:\Users\Admin\Downloads\apache-maven-3.9.6\bin\mvn;C:\Users\Admin\Downloads\jdk-22_windows-x64_bin\jdk-22.0.1\bin;C:\Users\Admin\AppData\Roaming\npm;C:\Programing Files\nodejs;C:\Users\Admin\AppData\Local\GitHubDesktop\bin;F:\IntelliJ IDEA 2025.1\bin;
USERNAME=Admin
OS=Windows_NT
PROCESSOR_IDENTIFIER=Intel64 Family 6 Model 141 Stepping 1, GenuineIntel
TMP=C:\Users\Admin\AppData\Local\Temp
TEMP=C:\Users\Admin\AppData\Local\Temp




Periodic native trim disabled

---------------  S Y S T E M  ---------------

OS:
 Windows 11 , 64 bit Build 22621 (10.0.22621.5262)
OS uptime: 4 days 1:54 hours
Hyper-V role detected

CPU: total 12 (initial active 12) (6 cores per cpu, 2 threads per core) family 6 model 141 stepping 1 microcode 0x56, cx8, cmov, fxsr, ht, mmx, 3dnowpref, sse, sse2, sse3, ssse3, sse4.1, sse4.2, popcnt, lzcnt, tsc, tscinvbit, avx, avx2, aes, erms, clmul, bmi1, bmi2, adx, avx512f, avx512dq, avx512cd, avx512bw, avx512vl, sha, fma, vzeroupper, avx512_vpopcntdq, avx512_vpclmulqdq, avx512_vaes, avx512_vnni, clflush, clflushopt, clwb, avx512_vbmi2, avx512_vbmi, hv, rdtscp, rdpid, fsrm, gfni, avx512_bitalg, f16c, cet_ibt, cet_ss, avx512_ifma
Processor Information for the first 12 processors :
  Max Mhz: 2688, Current Mhz: 2688, Mhz Limit: 2688

Memory: 4k page, system-wide physical 7922M (275M free)
TotalPageFile size 29569M (AvailPageFile size 28M)
current process WorkingSet (physical memory assigned to process): 194M, peak: 275M
current process commit charge ("private bytes"): 275M, peak: 357M

vm_info: OpenJDK 64-Bit Server VM (21.0.7+6-LTS) for windows-amd64 JRE (21.0.7+6-LTS), built on 2025-04-15T00:00:00Z by "admin" with MS VC++ 17.7 (VS2022)

END.
