#
# There is insufficient memory for the Java Runtime Environment to continue.
# Native memory allocation (mmap) failed to map 4096 bytes. Error detail: card table expansion
# Possible reasons:
#   The system is out of physical RAM or swap space
#   This process is running with CompressedOops enabled, and the Java Heap may be blocking the growth of the native heap
# Possible solutions:
#   Reduce memory load on the system
#   Increase physical memory or swap space
#   Check if swap backing store is full
#   Decrease Java heap size (-Xmx/-Xms)
#   Decrease number of Java threads
#   Decrease Java thread stack sizes (-Xss)
#   Set larger code cache with -XX:ReservedCodeCacheSize=
#   JVM is running with Unscaled Compressed Oops mode in which the Java heap is
#     placed in the first 4GB address space. The Java Heap base address is the
#     maximum limit for the native heap growth. Please use -XX:HeapBaseMinAddress
#     to set the Java Heap base and to place the Java Heap above 4GB virtual address.
# This output file may be truncated or incomplete.
#
#  Out of Memory Error (os_windows.cpp:3686), pid=16680, tid=6524
#
# JRE version: OpenJDK Runtime Environment Temurin-21.0.7+6 (21.0.7+6) (build 21.0.7+6-LTS)
# Java VM: OpenJDK 64-Bit Server VM Temurin-21.0.7+6 (21.0.7+6-LTS, mixed mode, sharing, tiered, compressed oops, compressed class ptrs, parallel gc, windows-amd64)
# No core dump will be written. Minidumps are not enabled by default on client versions of Windows
#

---------------  S U M M A R Y ------------

Command Line: --add-modules=ALL-SYSTEM --add-opens=java.base/java.util=ALL-UNNAMED --add-opens=java.base/java.lang=ALL-UNNAMED --add-opens=java.base/sun.nio.fs=ALL-UNNAMED -Declipse.application=org.eclipse.jdt.ls.core.id1 -Dosgi.bundles.defaultStartLevel=4 -Declipse.product=org.eclipse.jdt.ls.core.product -Djava.import.generatesMetadataFilesAtProjectRoot=false -DDetectVMInstallationsJob.disabled=true -Dfile.encoding=utf8 -XX:+UseParallelGC -XX:GCTimeRatio=4 -XX:AdaptiveSizePolicyWeight=90 -Dsun.zip.disableMemoryMapping=true -Xmx1G -Xms100m -Xlog:disable -javaagent:c:\Users\Admin\.vscode\extensions\redhat.java-1.42.0-win32-x64\lombok\lombok-1.18.36.jar -XX:+HeapDumpOnOutOfMemoryError -XX:HeapDumpPath=c:\Users\Admin\AppData\Roaming\Code\User\workspaceStorage\f5ab5f417d9b430d7d4c03e689742e48\redhat.java -Daether.dependencyCollector.impl=bf c:\Users\Admin\.vscode\extensions\redhat.java-1.42.0-win32-x64\server\plugins\org.eclipse.equinox.launcher_1.7.0.v20250424-1814.jar -configuration c:\Users\Admin\AppData\Roaming\Code\User\globalStorage\redhat.java\1.42.0\config_win -data c:\Users\Admin\AppData\Roaming\Code\User\workspaceStorage\f5ab5f417d9b430d7d4c03e689742e48\redhat.java\jdt_ws --pipe=\\.\pipe\lsp-eab576f7184d4a9978935c76e271951f-sock

Host: 11th Gen Intel(R) Core(TM) i5-11400H @ 2.70GHz, 12 cores, 7G,  Windows 11 , 64 bit Build 22621 (10.0.22621.5262)
Time: Thu May 22 09:30:20 2025 SE Asia Standard Time elapsed time: 34242.251853 seconds (0d 9h 30m 42s)

---------------  T H R E A D  ---------------

Current thread (0x00000260c3887200):  WorkerThread "GC Thread#5"    [id=6524, stack(0x000000c277000000,0x000000c277100000) (1024K)]

Stack: [0x000000c277000000,0x000000c277100000]
Native frames: (J=compiled Java code, j=interpreted, Vv=VM code, C=native code)
V  [jvm.dll+0x6ce119]
V  [jvm.dll+0x8a84a1]
V  [jvm.dll+0x8aa9ce]
V  [jvm.dll+0x8ab0b3]
V  [jvm.dll+0x27f8a6]
V  [jvm.dll+0x6ca945]
V  [jvm.dll+0x6bebea]
V  [jvm.dll+0x1d18a1]
V  [jvm.dll+0x7051b5]
V  [jvm.dll+0x704bf1]
V  [jvm.dll+0x704b38]
V  [jvm.dll+0x704cd4]
V  [jvm.dll+0x6db4d6]
V  [jvm.dll+0x70b1a9]
V  [jvm.dll+0x70ae63]
V  [jvm.dll+0x70e357]
V  [jvm.dll+0x70e7ef]
V  [jvm.dll+0x8d6377]
V  [jvm.dll+0x851f6b]
V  [jvm.dll+0x6cc7dd]
C  [ucrtbase.dll+0x29333]
C  [KERNEL32.DLL+0x1259d]
C  [ntdll.dll+0x5af58]


---------------  P R O C E S S  ---------------

Threads class SMR info:
_java_thread_list=0x00000260c3b806a0, length=66, elements={
0x00000260ebe42a90, 0x00000260ebee33e0, 0x00000260fe22dfa0, 0x00000260ebee4320,
0x00000260ebee5130, 0x00000260ebee6040, 0x00000260ebee9ab0, 0x00000260ebeea8e0,
0x00000260ff6da730, 0x00000260ff75f0a0, 0x00000260ff8e4a90, 0x00000260c3e0e190,
0x00000260c36bf7a0, 0x00000260c3741a70, 0x00000260c3754310, 0x00000260c3ba4480,
0x00000260c825b0a0, 0x00000260c3d46bf0, 0x00000260c3d47280, 0x00000260c3d48cc0,
0x00000260c3d45ed0, 0x00000260ca182490, 0x00000260ca183840, 0x00000260ca17fd30,
0x00000260ca17e980, 0x00000260ca182b20, 0x00000260ca1803c0, 0x00000260ca184560,
0x00000260ca181e00, 0x00000260ca1831b0, 0x00000260ca17f010, 0x00000260ca184bf0,
0x00000260ca185280, 0x00000260ca17e2f0, 0x00000260ca181770, 0x00000260ca1810e0,
0x00000260ca180a50, 0x00000260ca17f6a0, 0x00000260d5e617f0, 0x00000260d5e66d40,
0x00000260d5e66020, 0x00000260d5e666b0, 0x00000260d5e638c0, 0x00000260d5e62510,
0x00000260d5e63230, 0x00000260d5e62ba0, 0x00000260d5e5fdb0, 0x00000260d5e673d0,
0x00000260d5e60ad0, 0x00000260d5e645e0, 0x00000260cb2032b0, 0x00000260cb1ff7a0,
0x00000260cb203940, 0x00000260cb2011e0, 0x00000260cb1ffe30, 0x00000260cb201870,
0x00000260cb201f00, 0x00000260cb1fdd60, 0x00000260cb1fc9b0, 0x00000260c8a9f8b0,
0x00000260c8a99640, 0x00000260c8a9cac0, 0x00000260c8a9d7e0, 0x00000260c8a9e500,
0x00000260c8a9ff40, 0x00000260c8a9a9f0
}

Java Threads: ( => current thread )
  0x00000260ebe42a90 JavaThread "main"                              [_thread_blocked, id=17424, stack(0x000000c275e00000,0x000000c275f00000) (1024K)]
  0x00000260ebee33e0 JavaThread "Reference Handler"          daemon [_thread_blocked, id=14684, stack(0x000000c276200000,0x000000c276300000) (1024K)]
  0x00000260fe22dfa0 JavaThread "Finalizer"                  daemon [_thread_blocked, id=19068, stack(0x000000c276300000,0x000000c276400000) (1024K)]
  0x00000260ebee4320 JavaThread "Signal Dispatcher"          daemon [_thread_blocked, id=11312, stack(0x000000c276400000,0x000000c276500000) (1024K)]
  0x00000260ebee5130 JavaThread "Attach Listener"            daemon [_thread_blocked, id=10140, stack(0x000000c276500000,0x000000c276600000) (1024K)]
  0x00000260ebee6040 JavaThread "Service Thread"             daemon [_thread_blocked, id=6612, stack(0x000000c276600000,0x000000c276700000) (1024K)]
  0x00000260ebee9ab0 JavaThread "Monitor Deflation Thread"   daemon [_thread_blocked, id=14228, stack(0x000000c276700000,0x000000c276800000) (1024K)]
  0x00000260ebeea8e0 JavaThread "C2 CompilerThread0"         daemon [_thread_blocked, id=23636, stack(0x000000c276800000,0x000000c276900000) (1024K)]
  0x00000260ff6da730 JavaThread "C1 CompilerThread0"         daemon [_thread_blocked, id=18852, stack(0x000000c276900000,0x000000c276a00000) (1024K)]
  0x00000260ff75f0a0 JavaThread "Common-Cleaner"             daemon [_thread_blocked, id=28960, stack(0x000000c276a00000,0x000000c276b00000) (1024K)]
  0x00000260ff8e4a90 JavaThread "Notification Thread"        daemon [_thread_blocked, id=27148, stack(0x000000c276b00000,0x000000c276c00000) (1024K)]
  0x00000260c3e0e190 JavaThread "Active Thread: Equinox Container: c95b7f32-a9ef-4c5f-951e-7b3635ac1e0f"        [_thread_blocked, id=25212, stack(0x000000c277200000,0x000000c277300000) (1024K)]
  0x00000260c36bf7a0 JavaThread "Refresh Thread: Equinox Container: c95b7f32-a9ef-4c5f-951e-7b3635ac1e0f" daemon [_thread_blocked, id=22148, stack(0x000000c277400000,0x000000c277500000) (1024K)]
  0x00000260c3741a70 JavaThread "Framework Event Dispatcher: Equinox Container: c95b7f32-a9ef-4c5f-951e-7b3635ac1e0f" daemon [_thread_blocked, id=30560, stack(0x000000c277500000,0x000000c277600000) (1024K)]
  0x00000260c3754310 JavaThread "Start Level: Equinox Container: c95b7f32-a9ef-4c5f-951e-7b3635ac1e0f" daemon [_thread_blocked, id=13936, stack(0x000000c277600000,0x000000c277700000) (1024K)]
  0x00000260c3ba4480 JavaThread "Bundle File Closer"         daemon [_thread_blocked, id=11796, stack(0x000000c277900000,0x000000c277a00000) (1024K)]
  0x00000260c825b0a0 JavaThread "SCR Component Actor"        daemon [_thread_blocked, id=25328, stack(0x000000c277a00000,0x000000c277b00000) (1024K)]
  0x00000260c3d46bf0 JavaThread "Worker-JM"                         [_thread_blocked, id=9196, stack(0x000000c277c00000,0x000000c277d00000) (1024K)]
  0x00000260c3d47280 JavaThread "JNA Cleaner"                daemon [_thread_blocked, id=2224, stack(0x000000c277d00000,0x000000c277e00000) (1024K)]
  0x00000260c3d48cc0 JavaThread "Java indexing"              daemon [_thread_blocked, id=6596, stack(0x000000c278000000,0x000000c278100000) (1024K)]
  0x00000260c3d45ed0 JavaThread "Worker-4"                          [_thread_blocked, id=25056, stack(0x000000c278300000,0x000000c278400000) (1024K)]
  0x00000260ca182490 JavaThread "Thread-2"                   daemon [_thread_in_native, id=14068, stack(0x000000c278400000,0x000000c278500000) (1024K)]
  0x00000260ca183840 JavaThread "Thread-3"                   daemon [_thread_in_native, id=12012, stack(0x000000c278500000,0x000000c278600000) (1024K)]
  0x00000260ca17fd30 JavaThread "Thread-4"                   daemon [_thread_in_native, id=28644, stack(0x000000c278600000,0x000000c278700000) (1024K)]
  0x00000260ca17e980 JavaThread "Thread-5"                   daemon [_thread_in_native, id=25948, stack(0x000000c278700000,0x000000c278800000) (1024K)]
  0x00000260ca182b20 JavaThread "Thread-6"                   daemon [_thread_in_native, id=12068, stack(0x000000c278800000,0x000000c278900000) (1024K)]
  0x00000260ca1803c0 JavaThread "Thread-7"                   daemon [_thread_in_native, id=29644, stack(0x000000c278900000,0x000000c278a00000) (1024K)]
  0x00000260ca184560 JavaThread "Thread-8"                   daemon [_thread_in_native, id=11352, stack(0x000000c278a00000,0x000000c278b00000) (1024K)]
  0x00000260ca181e00 JavaThread "Thread-9"                   daemon [_thread_in_native, id=28480, stack(0x000000c278b00000,0x000000c278c00000) (1024K)]
  0x00000260ca1831b0 JavaThread "Thread-10"                  daemon [_thread_in_native, id=24876, stack(0x000000c278c00000,0x000000c278d00000) (1024K)]
  0x00000260ca17f010 JavaThread "Thread-11"                  daemon [_thread_in_native, id=30948, stack(0x000000c278d00000,0x000000c278e00000) (1024K)]
  0x00000260ca184bf0 JavaThread "Thread-12"                  daemon [_thread_in_native, id=24296, stack(0x000000c278e00000,0x000000c278f00000) (1024K)]
  0x00000260ca185280 JavaThread "Thread-13"                  daemon [_thread_in_native, id=17264, stack(0x000000c278f00000,0x000000c279000000) (1024K)]
  0x00000260ca17e2f0 JavaThread "Thread-14"                  daemon [_thread_in_native, id=12592, stack(0x000000c279000000,0x000000c279100000) (1024K)]
  0x00000260ca181770 JavaThread "pool-2-thread-1"                   [_thread_blocked, id=19516, stack(0x000000c279100000,0x000000c279200000) (1024K)]
  0x00000260ca1810e0 JavaThread "WorkspaceEventsHandler"            [_thread_blocked, id=10712, stack(0x000000c279200000,0x000000c279300000) (1024K)]
  0x00000260ca180a50 JavaThread "pool-1-thread-1"                   [_thread_blocked, id=19916, stack(0x000000c279300000,0x000000c279400000) (1024K)]
  0x00000260ca17f6a0 JavaThread "Worker-6"                          [_thread_blocked, id=17280, stack(0x000000c279500000,0x000000c279600000) (1024K)]
  0x00000260d5e617f0 JavaThread "Cleaner-0"                  daemon [_thread_blocked, id=31736, stack(0x000000c27c600000,0x000000c27c700000) (1024K)]
  0x00000260d5e66d40 JavaThread "ForkJoinPool.commonPool-worker-18" daemon [_thread_blocked, id=20164, stack(0x000000c275d00000,0x000000c275e00000) (1024K)]
  0x00000260d5e66020 JavaThread "ForkJoinPool.commonPool-worker-19" daemon [_thread_blocked, id=31072, stack(0x000000c277b00000,0x000000c277c00000) (1024K)]
  0x00000260d5e666b0 JavaThread "ForkJoinPool.commonPool-worker-20" daemon [_thread_blocked, id=31044, stack(0x000000c277e00000,0x000000c277f00000) (1024K)]
  0x00000260d5e638c0 JavaThread "ForkJoinPool.commonPool-worker-21" daemon [_thread_blocked, id=13004, stack(0x000000c277f00000,0x000000c278000000) (1024K)]
  0x00000260d5e62510 JavaThread "ForkJoinPool.commonPool-worker-22" daemon [_thread_blocked, id=30248, stack(0x000000c278100000,0x000000c278200000) (1024K)]
  0x00000260d5e63230 JavaThread "ForkJoinPool.commonPool-worker-23" daemon [_thread_blocked, id=18636, stack(0x000000c278200000,0x000000c278300000) (1024K)]
  0x00000260d5e62ba0 JavaThread "ForkJoinPool.commonPool-worker-24" daemon [_thread_blocked, id=13900, stack(0x000000c279400000,0x000000c279500000) (1024K)]
  0x00000260d5e5fdb0 JavaThread "ForkJoinPool.commonPool-worker-25" daemon [_thread_blocked, id=19836, stack(0x000000c279600000,0x000000c279700000) (1024K)]
  0x00000260d5e673d0 JavaThread "ForkJoinPool.commonPool-worker-26" daemon [_thread_blocked, id=17964, stack(0x000000c279700000,0x000000c279800000) (1024K)]
  0x00000260d5e60ad0 JavaThread "ForkJoinPool.commonPool-worker-27" daemon [_thread_blocked, id=19772, stack(0x000000c279800000,0x000000c279900000) (1024K)]
  0x00000260d5e645e0 JavaThread "ForkJoinPool.commonPool-worker-28" daemon [_thread_blocked, id=2888, stack(0x000000c275b00000,0x000000c275c00000) (1024K)]
  0x00000260cb2032b0 JavaThread "Worker-8"                          [_thread_blocked, id=27584, stack(0x000000c275c00000,0x000000c275d00000) (1024K)]
  0x00000260cb1ff7a0 JavaThread "Compiler Source File Reader" daemon [_thread_blocked, id=3588, stack(0x000000c279900000,0x000000c279a00000) (1024K)]
  0x00000260cb203940 JavaThread "Worker-9: Building"                [_thread_blocked, id=17260, stack(0x000000c279a00000,0x000000c279b00000) (1024K)]
  0x00000260cb2011e0 JavaThread "Worker-10"                         [_thread_blocked, id=18480, stack(0x000000c279b00000,0x000000c279c00000) (1024K)]
  0x00000260cb1ffe30 JavaThread "pool-1-thread-2"                   [_thread_blocked, id=27152, stack(0x000000c279c00000,0x000000c279d00000) (1024K)]
  0x00000260cb201870 JavaThread "Compiler Processing Task"   daemon [_thread_blocked, id=26804, stack(0x000000c279d00000,0x000000c279e00000) (1024K)]
  0x00000260cb201f00 JavaThread "Worker-11"                         [_thread_blocked, id=27916, stack(0x000000c279e00000,0x000000c279f00000) (1024K)]
  0x00000260cb1fdd60 JavaThread "Compiler Source File Reader" daemon [_thread_blocked, id=30972, stack(0x000000c279f00000,0x000000c27a000000) (1024K)]
  0x00000260cb1fc9b0 JavaThread "Compiler Source File Reader" daemon [_thread_blocked, id=30596, stack(0x000000c27a000000,0x000000c27a100000) (1024K)]
  0x00000260c8a9f8b0 JavaThread "Compiler Source File Reader" daemon [_thread_blocked, id=9924, stack(0x000000c27a100000,0x000000c27a200000) (1024K)]
  0x00000260c8a99640 JavaThread "Compiler Source File Reader" daemon [_thread_blocked, id=17184, stack(0x000000c27a200000,0x000000c27a300000) (1024K)]
  0x00000260c8a9cac0 JavaThread "Compiler Source File Reader" daemon [_thread_blocked, id=19340, stack(0x000000c27a300000,0x000000c27a400000) (1024K)]
  0x00000260c8a9d7e0 JavaThread "Compiler Source File Reader" daemon [_thread_blocked, id=27420, stack(0x000000c27a400000,0x000000c27a500000) (1024K)]
  0x00000260c8a9e500 JavaThread "Compiler Source File Reader" daemon [_thread_blocked, id=8608, stack(0x000000c27a600000,0x000000c27a700000) (1024K)]
  0x00000260c8a9ff40 JavaThread "Compiler Source File Reader" daemon [_thread_blocked, id=4788, stack(0x000000c27a500000,0x000000c27a600000) (1024K)]
  0x00000260c8a9a9f0 JavaThread "Compiler Source File Reader" daemon [_thread_blocked, id=28636, stack(0x000000c27a700000,0x000000c27a800000) (1024K)]
Total: 66

Other Threads:
  0x00000260ebede9e0 VMThread "VM Thread"                           [id=27988, stack(0x000000c276100000,0x000000c276200000) (1024K)]
  0x00000260ebeac250 WatcherThread "VM Periodic Task Thread"        [id=16908, stack(0x000000c276000000,0x000000c276100000) (1024K)]
  0x00000260ebe5fc00 WorkerThread "GC Thread#0"                     [id=13864, stack(0x000000c275f00000,0x000000c276000000) (1024K)]
  0x00000260c38cefd0 WorkerThread "GC Thread#1"                     [id=17104, stack(0x000000c276c00000,0x000000c276d00000) (1024K)]
  0x00000260c38cf370 WorkerThread "GC Thread#2"                     [id=12656, stack(0x000000c276d00000,0x000000c276e00000) (1024K)]
  0x00000260c39289f0 WorkerThread "GC Thread#3"                     [id=19596, stack(0x000000c276e00000,0x000000c276f00000) (1024K)]
  0x00000260c3928d90 WorkerThread "GC Thread#4"                     [id=11360, stack(0x000000c276f00000,0x000000c277000000) (1024K)]
=>0x00000260c3887200 WorkerThread "GC Thread#5"                     [id=6524, stack(0x000000c277000000,0x000000c277100000) (1024K)]
  0x00000260c38875a0 WorkerThread "GC Thread#6"                     [id=8916, stack(0x000000c277100000,0x000000c277200000) (1024K)]
  0x00000260c3b5a270 WorkerThread "GC Thread#7"                     [id=8556, stack(0x000000c277300000,0x000000c277400000) (1024K)]
  0x00000260c3b59790 WorkerThread "GC Thread#8"                     [id=9636, stack(0x000000c277700000,0x000000c277800000) (1024K)]
  0x00000260c3b58cb0 WorkerThread "GC Thread#9"                     [id=24364, stack(0x000000c277800000,0x000000c277900000) (1024K)]
Total: 12

Threads with active compile tasks:
Total: 0

VM state: at safepoint (normal execution)

VM Mutex/Monitor currently owned by a thread:  ([mutex/lock_event])
[0x00007ffa29ffe308] Threads_lock - owner thread: 0x00000260ebede9e0
[0x00007ffa29ffe408] Heap_lock - owner thread: 0x00000260cb203940
[0x00007ffa29ffe888] PSOldGenExpand_lock - owner thread: 0x00000260c3887200

Heap address: 0x00000000c0000000, size: 1024 MB, Compressed Oops mode: 32-bit

CDS archive(s) mapped at: [0x0000026082000000-0x0000026082ba0000-0x0000026082ba0000), size 12189696, SharedBaseAddress: 0x0000026082000000, ArchiveRelocationMode: 1.
Compressed class space mapped at: 0x0000026083000000-0x00000260c3000000, reserved size: 1073741824
Narrow klass base: 0x0000026082000000, Narrow klass shift: 0, Narrow klass range: 0x100000000

GC Precious Log:
 CardTable entry size: 512
 CPUs: 12 total, 12 available
 Memory: 7922M
 Large Page Support: Disabled
 NUMA Support: Disabled
 Compressed Oops: Enabled (32-bit)
 Alignments: Space 512K, Generation 512K, Heap 2M
 Heap Min Capacity: 100M
 Heap Initial Capacity: 100M
 Heap Max Capacity: 1G
 Pre-touch: Disabled
 Parallel Workers: 10

Heap:
 PSYoungGen      total 14336K, used 11301K [0x00000000eab00000, 0x00000000ebd00000, 0x0000000100000000)
  eden space 10240K, 70% used [0x00000000eab00000,0x00000000eb20b6e8,0x00000000eb500000)
  from space 4096K, 99% used [0x00000000eb900000,0x00000000ebcfdf00,0x00000000ebd00000)
  to   space 1024K, 98% used [0x00000000eb600000,0x00000000eb6fc010,0x00000000eb700000)
 ParOldGen       total 528384K, used 528376K [0x00000000c0000000, 0x00000000e0480000, 0x00000000eab00000)
  object space 528384K, 99% used [0x00000000c0000000,0x00000000e03fe120,0x00000000e0400000)
 Metaspace       used 85815K, committed 87360K, reserved 1179648K
  class space    used 8490K, committed 9152K, reserved 1048576K

Card table byte_map: [0x00000260eb7e0000,0x00000260eb9f0000] _byte_map_base: 0x00000260eb1e0000

Marking Bits: (ParMarkBitMap*) 0x00007ffa2a0031f0
 Begin Bits: [0x0000026080000000, 0x0000026081000000)
 End Bits:   [0x0000026081000000, 0x0000026082000000)

Polling page: 0x00000260e9cf0000

Metaspace:

Usage:
  Non-class:     75.51 MB used.
      Class:      8.29 MB used.
       Both:     83.80 MB used.

Virtual space:
  Non-class space:      128.00 MB reserved,      76.38 MB ( 60%) committed,  2 nodes.
      Class space:        1.00 GB reserved,       8.94 MB ( <1%) committed,  1 nodes.
             Both:        1.12 GB reserved,      85.31 MB (  7%) committed. 

Chunk freelists:
   Non-Class:  3.56 MB
       Class:  7.07 MB
        Both:  10.63 MB

MaxMetaspaceSize: unlimited
CompressedClassSpaceSize: 1.00 GB
Initial GC threshold: 21.00 MB
Current GC threshold: 140.94 MB
CDS: on
 - commit_granule_bytes: 65536.
 - commit_granule_words: 8192.
 - virtual_space_node_default_size: 8388608.
 - enlarge_chunks_in_place: 1.
 - use_allocation_guard: 0.


Internal statistics:

num_allocs_failed_limit: 11.
num_arena_births: 1724.
num_arena_deaths: 500.
num_vsnodes_births: 3.
num_vsnodes_deaths: 0.
num_space_committed: 1365.
num_space_uncommitted: 0.
num_chunks_returned_to_freelist: 618.
num_chunks_taken_from_freelist: 6177.
num_chunk_merges: 188.
num_chunk_splits: 3463.
num_chunks_enlarged: 1808.
num_inconsistent_stats: 0.

CodeHeap 'non-profiled nmethods': size=120000Kb used=15283Kb max_used=15968Kb free=104716Kb
 bounds [0x00000260f6b00000, 0x00000260f7aa0000, 0x00000260fe030000]
CodeHeap 'profiled nmethods': size=120000Kb used=35199Kb max_used=41106Kb free=84800Kb
 bounds [0x00000260ef030000, 0x00000260f1860000, 0x00000260f6560000]
CodeHeap 'non-nmethods': size=5760Kb used=1535Kb max_used=1599Kb free=4224Kb
 bounds [0x00000260f6560000, 0x00000260f67d0000, 0x00000260f6b00000]
 total_blobs=16098 nmethods=15251 adapters=749
 compilation: enabled
              stopped_count=0, restarted_count=0
 full_count=0

Compilation events (20 events):
Event: 34242.236 Thread 0x00000260ff6da730 nmethod 22314 0x00000260efd76a90 code [0x00000260efd76c40, 0x00000260efd76ec0]
Event: 34242.236 Thread 0x00000260ff6da730 22315       1       org.apache.maven.execution.DefaultMavenExecutionRequest::getLocalRepository (5 bytes)
Event: 34242.236 Thread 0x00000260ff6da730 nmethod 22315 0x00000260f75ad910 code [0x00000260f75adaa0, 0x00000260f75adb68]
Event: 34242.237 Thread 0x00000260ff6da730 22316       3       org.eclipse.m2e.core.project.configurator.MojoExecutionKey::hashCode (7 bytes)
Event: 34242.238 Thread 0x00000260ff6da730 nmethod 22316 0x00000260f03db190 code [0x00000260f03db520, 0x00000260f03dcb18]
Event: 34242.238 Thread 0x00000260ff6da730 22317   !   3       com.google.inject.internal.SingleParameterInjector::inject (25 bytes)
Event: 34242.239 Thread 0x00000260ff6da730 nmethod 22317 0x00000260f06be690 code [0x00000260f06be860, 0x00000260f06beb38]
Event: 34242.239 Thread 0x00000260ff6da730 22318       1       org.apache.maven.execution.MavenSession::getProjects (5 bytes)
Event: 34242.239 Thread 0x00000260ff6da730 nmethod 22318 0x00000260f7339a90 code [0x00000260f7339c20, 0x00000260f7339ce8]
Event: 34242.240 Thread 0x00000260ff6da730 22319       3       org.apache.maven.plugin.internal.DeprecatedPluginValidator$$Lambda/0x00000260837a6f78::test (8 bytes)
Event: 34242.240 Thread 0x00000260ff6da730 nmethod 22319 0x00000260f0455d90 code [0x00000260f0455f40, 0x00000260f0456220]
Event: 34242.240 Thread 0x00000260ff6da730 22320       3       org.apache.maven.plugin.internal.DeprecatedPluginValidator::lambda$doValidate$0 (13 bytes)
Event: 34242.240 Thread 0x00000260ff6da730 nmethod 22320 0x00000260efb0b890 code [0x00000260efb0ba40, 0x00000260efb0bbb0]
Event: 34242.240 Thread 0x00000260ff6da730 22321       3       org.apache.maven.plugin.internal.ReadOnlyPluginParametersValidator$$Lambda/0x00000260837a7620::test (8 bytes)
Event: 34242.240 Thread 0x00000260ff6da730 nmethod 22321 0x00000260f0459590 code [0x00000260f0459740, 0x00000260f0459a28]
Event: 34242.240 Thread 0x00000260ff6da730 22322       3       org.apache.maven.plugin.internal.ReadOnlyPluginParametersValidator::lambda$doValidate$0 (13 bytes)
Event: 34242.240 Thread 0x00000260ff6da730 nmethod 22322 0x00000260efb21a10 code [0x00000260efb21bc0, 0x00000260efb21d30]
Event: 34242.241 Thread 0x00000260ff6da730 22323       1       org.apache.maven.shared.filtering.AbstractMavenFilteringRequest::getMavenSession (5 bytes)
Event: 34242.241 Thread 0x00000260ff6da730 nmethod 22323 0x00000260f7764190 code [0x00000260f7764320, 0x00000260f77643e8]
Event: 34242.243 Thread 0x00000260ebeea8e0 nmethod 22310 0x00000260f6ce3e10 code [0x00000260f6ce4140, 0x00000260f6ce5698]

GC Heap History (20 events):
Event: 34240.676 GC heap after
{Heap after GC invocations=1797 (full 6):
 PSYoungGen      total 12288K, used 1204K [0x00000000eab00000, 0x00000000eb980000, 0x0000000100000000)
  eden space 10240K, 0% used [0x00000000eab00000,0x00000000eab00000,0x00000000eb500000)
  from space 2048K, 58% used [0x00000000eb600000,0x00000000eb72d200,0x00000000eb800000)
  to   space 1536K, 0% used [0x00000000eb800000,0x00000000eb800000,0x00000000eb980000)
 ParOldGen       total 496640K, used 496331K [0x00000000c0000000, 0x00000000de500000, 0x00000000eab00000)
  object space 496640K, 99% used [0x00000000c0000000,0x00000000de4b2f18,0x00000000de500000)
 Metaspace       used 85770K, committed 87296K, reserved 1179648K
  class space    used 8488K, committed 9152K, reserved 1048576K
}
Event: 34240.966 GC heap before
{Heap before GC invocations=1798 (full 6):
 PSYoungGen      total 12288K, used 11444K [0x00000000eab00000, 0x00000000eb980000, 0x0000000100000000)
  eden space 10240K, 100% used [0x00000000eab00000,0x00000000eb500000,0x00000000eb500000)
  from space 2048K, 58% used [0x00000000eb600000,0x00000000eb72d200,0x00000000eb800000)
  to   space 1536K, 0% used [0x00000000eb800000,0x00000000eb800000,0x00000000eb980000)
 ParOldGen       total 496640K, used 496331K [0x00000000c0000000, 0x00000000de500000, 0x00000000eab00000)
  object space 496640K, 99% used [0x00000000c0000000,0x00000000de4b2f18,0x00000000de500000)
 Metaspace       used 85779K, committed 87296K, reserved 1179648K
  class space    used 8489K, committed 9152K, reserved 1048576K
}
Event: 34240.968 GC heap after
{Heap after GC invocations=1798 (full 6):
 PSYoungGen      total 11264K, used 772K [0x00000000eab00000, 0x00000000eb900000, 0x0000000100000000)
  eden space 10240K, 0% used [0x00000000eab00000,0x00000000eab00000,0x00000000eb500000)
  from space 1024K, 75% used [0x00000000eb800000,0x00000000eb8c1210,0x00000000eb900000)
  to   space 1024K, 0% used [0x00000000eb700000,0x00000000eb700000,0x00000000eb800000)
 ParOldGen       total 497664K, used 497428K [0x00000000c0000000, 0x00000000de600000, 0x00000000eab00000)
  object space 497664K, 99% used [0x00000000c0000000,0x00000000de5c5198,0x00000000de600000)
 Metaspace       used 85779K, committed 87296K, reserved 1179648K
  class space    used 8489K, committed 9152K, reserved 1048576K
}
Event: 34241.089 GC heap before
{Heap before GC invocations=1799 (full 6):
 PSYoungGen      total 11264K, used 11012K [0x00000000eab00000, 0x00000000eb900000, 0x0000000100000000)
  eden space 10240K, 100% used [0x00000000eab00000,0x00000000eb500000,0x00000000eb500000)
  from space 1024K, 75% used [0x00000000eb800000,0x00000000eb8c1210,0x00000000eb900000)
  to   space 1024K, 0% used [0x00000000eb700000,0x00000000eb700000,0x00000000eb800000)
 ParOldGen       total 497664K, used 497428K [0x00000000c0000000, 0x00000000de600000, 0x00000000eab00000)
  object space 497664K, 99% used [0x00000000c0000000,0x00000000de5c5198,0x00000000de600000)
 Metaspace       used 85784K, committed 87296K, reserved 1179648K
  class space    used 8489K, committed 9152K, reserved 1048576K
}
Event: 34241.091 GC heap after
{Heap after GC invocations=1799 (full 6):
 PSYoungGen      total 11264K, used 564K [0x00000000eab00000, 0x00000000eb880000, 0x0000000100000000)
  eden space 10240K, 0% used [0x00000000eab00000,0x00000000eab00000,0x00000000eb500000)
  from space 1024K, 55% used [0x00000000eb700000,0x00000000eb78d200,0x00000000eb800000)
  to   space 512K, 0% used [0x00000000eb800000,0x00000000eb800000,0x00000000eb880000)
 ParOldGen       total 498176K, used 497796K [0x00000000c0000000, 0x00000000de680000, 0x00000000eab00000)
  object space 498176K, 99% used [0x00000000c0000000,0x00000000de621198,0x00000000de680000)
 Metaspace       used 85784K, committed 87296K, reserved 1179648K
  class space    used 8489K, committed 9152K, reserved 1048576K
}
Event: 34241.310 GC heap before
{Heap before GC invocations=1800 (full 6):
 PSYoungGen      total 11264K, used 10804K [0x00000000eab00000, 0x00000000eb880000, 0x0000000100000000)
  eden space 10240K, 100% used [0x00000000eab00000,0x00000000eb500000,0x00000000eb500000)
  from space 1024K, 55% used [0x00000000eb700000,0x00000000eb78d200,0x00000000eb800000)
  to   space 512K, 0% used [0x00000000eb800000,0x00000000eb800000,0x00000000eb880000)
 ParOldGen       total 498176K, used 497796K [0x00000000c0000000, 0x00000000de680000, 0x00000000eab00000)
  object space 498176K, 99% used [0x00000000c0000000,0x00000000de621198,0x00000000de680000)
 Metaspace       used 85791K, committed 87296K, reserved 1179648K
  class space    used 8489K, committed 9152K, reserved 1048576K
}
Event: 34241.313 GC heap after
{Heap after GC invocations=1800 (full 6):
 PSYoungGen      total 10752K, used 490K [0x00000000eab00000, 0x00000000eb900000, 0x0000000100000000)
  eden space 10240K, 0% used [0x00000000eab00000,0x00000000eab00000,0x00000000eb500000)
  from space 512K, 95% used [0x00000000eb800000,0x00000000eb87a910,0x00000000eb880000)
  to   space 2048K, 0% used [0x00000000eb500000,0x00000000eb500000,0x00000000eb700000)
 ParOldGen       total 499200K, used 498925K [0x00000000c0000000, 0x00000000de780000, 0x00000000eab00000)
  object space 499200K, 99% used [0x00000000c0000000,0x00000000de73b418,0x00000000de780000)
 Metaspace       used 85791K, committed 87296K, reserved 1179648K
  class space    used 8489K, committed 9152K, reserved 1048576K
}
Event: 34241.488 GC heap before
{Heap before GC invocations=1801 (full 6):
 PSYoungGen      total 10752K, used 10730K [0x00000000eab00000, 0x00000000eb900000, 0x0000000100000000)
  eden space 10240K, 99% used [0x00000000eab00000,0x00000000eb4ffff0,0x00000000eb500000)
  from space 512K, 95% used [0x00000000eb800000,0x00000000eb87a910,0x00000000eb880000)
  to   space 2048K, 0% used [0x00000000eb500000,0x00000000eb500000,0x00000000eb700000)
 ParOldGen       total 499200K, used 498925K [0x00000000c0000000, 0x00000000de780000, 0x00000000eab00000)
  object space 499200K, 99% used [0x00000000c0000000,0x00000000de73b418,0x00000000de780000)
 Metaspace       used 85799K, committed 87360K, reserved 1179648K
  class space    used 8490K, committed 9152K, reserved 1048576K
}
Event: 34241.490 GC heap after
{Heap after GC invocations=1801 (full 6):
 PSYoungGen      total 12288K, used 1210K [0x00000000eab00000, 0x00000000eb880000, 0x0000000100000000)
  eden space 10240K, 0% used [0x00000000eab00000,0x00000000eab00000,0x00000000eb500000)
  from space 2048K, 59% used [0x00000000eb500000,0x00000000eb62e900,0x00000000eb700000)
  to   space 1536K, 0% used [0x00000000eb700000,0x00000000eb700000,0x00000000eb880000)
 ParOldGen       total 499712K, used 499425K [0x00000000c0000000, 0x00000000de800000, 0x00000000eab00000)
  object space 499712K, 99% used [0x00000000c0000000,0x00000000de7b8628,0x00000000de800000)
 Metaspace       used 85799K, committed 87360K, reserved 1179648K
  class space    used 8490K, committed 9152K, reserved 1048576K
}
Event: 34241.768 GC heap before
{Heap before GC invocations=1802 (full 6):
 PSYoungGen      total 12288K, used 11450K [0x00000000eab00000, 0x00000000eb880000, 0x0000000100000000)
  eden space 10240K, 100% used [0x00000000eab00000,0x00000000eb500000,0x00000000eb500000)
  from space 2048K, 59% used [0x00000000eb500000,0x00000000eb62e900,0x00000000eb700000)
  to   space 1536K, 0% used [0x00000000eb700000,0x00000000eb700000,0x00000000eb880000)
 ParOldGen       total 499712K, used 499425K [0x00000000c0000000, 0x00000000de800000, 0x00000000eab00000)
  object space 499712K, 99% used [0x00000000c0000000,0x00000000de7b8628,0x00000000de800000)
 Metaspace       used 85799K, committed 87360K, reserved 1179648K
  class space    used 8490K, committed 9152K, reserved 1048576K
}
Event: 34241.771 GC heap after
{Heap after GC invocations=1802 (full 6):
 PSYoungGen      total 11264K, used 634K [0x00000000eab00000, 0x00000000eb800000, 0x0000000100000000)
  eden space 10240K, 0% used [0x00000000eab00000,0x00000000eab00000,0x00000000eb500000)
  from space 1024K, 61% used [0x00000000eb700000,0x00000000eb79e900,0x00000000eb800000)
  to   space 1024K, 0% used [0x00000000eb600000,0x00000000eb600000,0x00000000eb700000)
 ParOldGen       total 500736K, used 500518K [0x00000000c0000000, 0x00000000de900000, 0x00000000eab00000)
  object space 500736K, 99% used [0x00000000c0000000,0x00000000de8c9878,0x00000000de900000)
 Metaspace       used 85799K, committed 87360K, reserved 1179648K
  class space    used 8490K, committed 9152K, reserved 1048576K
}
Event: 34242.076 GC heap before
{Heap before GC invocations=1803 (full 6):
 PSYoungGen      total 11264K, used 10874K [0x00000000eab00000, 0x00000000eb800000, 0x0000000100000000)
  eden space 10240K, 100% used [0x00000000eab00000,0x00000000eb500000,0x00000000eb500000)
  from space 1024K, 61% used [0x00000000eb700000,0x00000000eb79e900,0x00000000eb800000)
  to   space 1024K, 0% used [0x00000000eb600000,0x00000000eb600000,0x00000000eb700000)
 ParOldGen       total 500736K, used 500518K [0x00000000c0000000, 0x00000000de900000, 0x00000000eab00000)
  object space 500736K, 99% used [0x00000000c0000000,0x00000000de8c9878,0x00000000de900000)
 Metaspace       used 85808K, committed 87360K, reserved 1179648K
  class space    used 8490K, committed 9152K, reserved 1048576K
}
Event: 34242.079 GC heap after
{Heap after GC invocations=1803 (full 6):
 PSYoungGen      total 11264K, used 1018K [0x00000000eab00000, 0x00000000ebd00000, 0x0000000100000000)
  eden space 10240K, 0% used [0x00000000eab00000,0x00000000eab00000,0x00000000eb500000)
  from space 1024K, 99% used [0x00000000eb600000,0x00000000eb6fe990,0x00000000eb700000)
  to   space 4096K, 0% used [0x00000000eb900000,0x00000000eb900000,0x00000000ebd00000)
 ParOldGen       total 503296K, used 502952K [0x00000000c0000000, 0x00000000deb80000, 0x00000000eab00000)
  object space 503296K, 99% used [0x00000000c0000000,0x00000000deb2a208,0x00000000deb80000)
 Metaspace       used 85808K, committed 87360K, reserved 1179648K
  class space    used 8490K, committed 9152K, reserved 1048576K
}
Event: 34242.099 GC heap before
{Heap before GC invocations=1804 (full 6):
 PSYoungGen      total 11264K, used 11258K [0x00000000eab00000, 0x00000000ebd00000, 0x0000000100000000)
  eden space 10240K, 100% used [0x00000000eab00000,0x00000000eb500000,0x00000000eb500000)
  from space 1024K, 99% used [0x00000000eb600000,0x00000000eb6fe990,0x00000000eb700000)
  to   space 4096K, 0% used [0x00000000eb900000,0x00000000eb900000,0x00000000ebd00000)
 ParOldGen       total 503296K, used 502952K [0x00000000c0000000, 0x00000000deb80000, 0x00000000eab00000)
  object space 503296K, 99% used [0x00000000c0000000,0x00000000deb2a208,0x00000000deb80000)
 Metaspace       used 85808K, committed 87360K, reserved 1179648K
  class space    used 8490K, committed 9152K, reserved 1048576K
}
Event: 34242.108 GC heap after
{Heap after GC invocations=1804 (full 6):
 PSYoungGen      total 14336K, used 4096K [0x00000000eab00000, 0x00000000ebd00000, 0x0000000100000000)
  eden space 10240K, 0% used [0x00000000eab00000,0x00000000eab00000,0x00000000eb500000)
  from space 4096K, 100% used [0x00000000eb900000,0x00000000ebd00000,0x00000000ebd00000)
  to   space 1024K, 0% used [0x00000000eb600000,0x00000000eb600000,0x00000000eb700000)
 ParOldGen       total 510464K, used 510122K [0x00000000c0000000, 0x00000000df280000, 0x00000000eab00000)
  object space 510464K, 99% used [0x00000000c0000000,0x00000000df22aba8,0x00000000df280000)
 Metaspace       used 85808K, committed 87360K, reserved 1179648K
  class space    used 8490K, committed 9152K, reserved 1048576K
}
Event: 34242.187 GC heap before
{Heap before GC invocations=1805 (full 6):
 PSYoungGen      total 14336K, used 13587K [0x00000000eab00000, 0x00000000ebd00000, 0x0000000100000000)
  eden space 10240K, 92% used [0x00000000eab00000,0x00000000eb444e00,0x00000000eb500000)
  from space 4096K, 100% used [0x00000000eb900000,0x00000000ebd00000,0x00000000ebd00000)
  to   space 1024K, 0% used [0x00000000eb600000,0x00000000eb600000,0x00000000eb700000)
 ParOldGen       total 510464K, used 510122K [0x00000000c0000000, 0x00000000df280000, 0x00000000eab00000)
  object space 510464K, 99% used [0x00000000c0000000,0x00000000df22aba8,0x00000000df280000)
 Metaspace       used 85810K, committed 87360K, reserved 1179648K
  class space    used 8490K, committed 9152K, reserved 1048576K
}
Event: 34242.194 GC heap after
{Heap after GC invocations=1805 (full 6):
 PSYoungGen      total 11264K, used 1024K [0x00000000eab00000, 0x00000000ebd00000, 0x0000000100000000)
  eden space 10240K, 0% used [0x00000000eab00000,0x00000000eab00000,0x00000000eb500000)
  from space 1024K, 100% used [0x00000000eb600000,0x00000000eb700000,0x00000000eb700000)
  to   space 4096K, 0% used [0x00000000eb900000,0x00000000eb900000,0x00000000ebd00000)
 ParOldGen       total 520192K, used 519701K [0x00000000c0000000, 0x00000000dfc00000, 0x00000000eab00000)
  object space 520192K, 99% used [0x00000000c0000000,0x00000000dfb85480,0x00000000dfc00000)
 Metaspace       used 85810K, committed 87360K, reserved 1179648K
  class space    used 8490K, committed 9152K, reserved 1048576K
}
Event: 34242.214 GC heap before
{Heap before GC invocations=1806 (full 6):
 PSYoungGen      total 11264K, used 11264K [0x00000000eab00000, 0x00000000ebd00000, 0x0000000100000000)
  eden space 10240K, 100% used [0x00000000eab00000,0x00000000eb500000,0x00000000eb500000)
  from space 1024K, 100% used [0x00000000eb600000,0x00000000eb700000,0x00000000eb700000)
  to   space 4096K, 0% used [0x00000000eb900000,0x00000000eb900000,0x00000000ebd00000)
 ParOldGen       total 520192K, used 519701K [0x00000000c0000000, 0x00000000dfc00000, 0x00000000eab00000)
  object space 520192K, 99% used [0x00000000c0000000,0x00000000dfb85480,0x00000000dfc00000)
 Metaspace       used 85810K, committed 87360K, reserved 1179648K
  class space    used 8490K, committed 9152K, reserved 1048576K
}
Event: 34242.220 GC heap after
{Heap after GC invocations=1806 (full 6):
 PSYoungGen      total 14336K, used 4087K [0x00000000eab00000, 0x00000000ebd00000, 0x0000000100000000)
  eden space 10240K, 0% used [0x00000000eab00000,0x00000000eab00000,0x00000000eb500000)
  from space 4096K, 99% used [0x00000000eb900000,0x00000000ebcfdf00,0x00000000ebd00000)
  to   space 1024K, 0% used [0x00000000eb600000,0x00000000eb600000,0x00000000eb700000)
 ParOldGen       total 525824K, used 525608K [0x00000000c0000000, 0x00000000e0180000, 0x00000000eab00000)
  object space 525824K, 99% used [0x00000000c0000000,0x00000000e014a120,0x00000000e0180000)
 Metaspace       used 85810K, committed 87360K, reserved 1179648K
  class space    used 8490K, committed 9152K, reserved 1048576K
}
Event: 34242.244 GC heap before
{Heap before GC invocations=1807 (full 6):
 PSYoungGen      total 14336K, used 11301K [0x00000000eab00000, 0x00000000ebd00000, 0x0000000100000000)
  eden space 10240K, 70% used [0x00000000eab00000,0x00000000eb20b6e8,0x00000000eb500000)
  from space 4096K, 99% used [0x00000000eb900000,0x00000000ebcfdf00,0x00000000ebd00000)
  to   space 1024K, 0% used [0x00000000eb600000,0x00000000eb600000,0x00000000eb700000)
 ParOldGen       total 525824K, used 525608K [0x00000000c0000000, 0x00000000e0180000, 0x00000000eab00000)
  object space 525824K, 99% used [0x00000000c0000000,0x00000000e014a120,0x00000000e0180000)
 Metaspace       used 85815K, committed 87360K, reserved 1179648K
  class space    used 8490K, committed 9152K, reserved 1048576K
}

Dll operation events (12 events):
Event: 0.014 Loaded shared library c:\Users\Admin\.vscode\extensions\redhat.java-1.42.0-win32-x64\jre\21.0.7-win32-x86_64\bin\java.dll
Event: 0.162 Loaded shared library c:\Users\Admin\.vscode\extensions\redhat.java-1.42.0-win32-x64\jre\21.0.7-win32-x86_64\bin\zip.dll
Event: 0.202 Loaded shared library C:\Users\Admin\.vscode\extensions\redhat.java-1.42.0-win32-x64\jre\21.0.7-win32-x86_64\bin\instrument.dll
Event: 0.210 Loaded shared library C:\Users\Admin\.vscode\extensions\redhat.java-1.42.0-win32-x64\jre\21.0.7-win32-x86_64\bin\net.dll
Event: 0.215 Loaded shared library C:\Users\Admin\.vscode\extensions\redhat.java-1.42.0-win32-x64\jre\21.0.7-win32-x86_64\bin\nio.dll
Event: 0.223 Loaded shared library C:\Users\Admin\.vscode\extensions\redhat.java-1.42.0-win32-x64\jre\21.0.7-win32-x86_64\bin\zip.dll
Event: 0.250 Loaded shared library C:\Users\Admin\.vscode\extensions\redhat.java-1.42.0-win32-x64\jre\21.0.7-win32-x86_64\bin\jimage.dll
Event: 0.371 Loaded shared library c:\Users\Admin\.vscode\extensions\redhat.java-1.42.0-win32-x64\jre\21.0.7-win32-x86_64\bin\verify.dll
Event: 8.410 Loaded shared library C:\Users\Admin\AppData\Roaming\Code\User\globalStorage\redhat.java\1.42.0\config_win\org.eclipse.equinox.launcher\org.eclipse.equinox.launcher.win32.win32.x86_64_1.2.1300.v20250331-1702\eclipse_11911.dll
Event: 26.323 Loaded shared library C:\Users\Admin\AppData\Local\Temp\jna-63116079\jna10521573503334079208.dll
Event: 28.161 Loaded shared library C:\Users\Admin\.vscode\extensions\redhat.java-1.42.0-win32-x64\jre\21.0.7-win32-x86_64\bin\sunmscapi.dll
Event: 28.780 Loaded shared library C:\Users\Admin\.vscode\extensions\redhat.java-1.42.0-win32-x64\jre\21.0.7-win32-x86_64\bin\extnet.dll

Deoptimization events (20 events):
Event: 34235.500 Thread 0x00000260cb2032b0 Uncommon trap: trap_request=0xffffffbe fr.pc=0x00000260f71f6974 relative=0x0000000000000254
Event: 34235.500 Thread 0x00000260cb2032b0 Uncommon trap: reason=profile_predicate action=maybe_recompile pc=0x00000260f71f6974 method=java.util.Arrays.fill([Ljava/lang/Object;Ljava/lang/Object;)V @ 5 c2
Event: 34235.500 Thread 0x00000260cb2032b0 DEOPT PACKING pc=0x00000260f71f6974 sp=0x000000c275cfeed0
Event: 34235.500 Thread 0x00000260cb2032b0 DEOPT UNPACKING pc=0x00000260f65b6da2 sp=0x000000c275cfeea8 mode 2
Event: 34237.460 Thread 0x00000260cb201f00 Uncommon trap: trap_request=0xffffffbe fr.pc=0x00000260f753f458 relative=0x00000000000001b8
Event: 34237.460 Thread 0x00000260cb201f00 Uncommon trap: reason=profile_predicate action=maybe_recompile pc=0x00000260f753f458 method=org.eclipse.jdt.internal.compiler.util.SimpleSetOfCharArray.asArray([Ljava/lang/Object;)V @ 61 c2
Event: 34237.460 Thread 0x00000260cb201f00 DEOPT PACKING pc=0x00000260f753f458 sp=0x000000c279efd370
Event: 34237.460 Thread 0x00000260cb201f00 DEOPT UNPACKING pc=0x00000260f65b6da2 sp=0x000000c279efd300 mode 2
Event: 34237.467 Thread 0x00000260cb201f00 Uncommon trap: trap_request=0xffffffbe fr.pc=0x00000260f753f458 relative=0x00000000000001b8
Event: 34237.467 Thread 0x00000260cb201f00 Uncommon trap: reason=profile_predicate action=maybe_recompile pc=0x00000260f753f458 method=org.eclipse.jdt.internal.compiler.util.SimpleSetOfCharArray.asArray([Ljava/lang/Object;)V @ 61 c2
Event: 34237.467 Thread 0x00000260cb201f00 DEOPT PACKING pc=0x00000260f753f458 sp=0x000000c279efe2a0
Event: 34237.467 Thread 0x00000260cb201f00 DEOPT UNPACKING pc=0x00000260f65b6da2 sp=0x000000c279efe230 mode 2
Event: 34237.468 Thread 0x00000260cb201f00 Uncommon trap: trap_request=0xffffffbe fr.pc=0x00000260f753f458 relative=0x00000000000001b8
Event: 34237.468 Thread 0x00000260cb201f00 Uncommon trap: reason=profile_predicate action=maybe_recompile pc=0x00000260f753f458 method=org.eclipse.jdt.internal.compiler.util.SimpleSetOfCharArray.asArray([Ljava/lang/Object;)V @ 61 c2
Event: 34237.468 Thread 0x00000260cb201f00 DEOPT PACKING pc=0x00000260f753f458 sp=0x000000c279efe140
Event: 34237.468 Thread 0x00000260cb201f00 DEOPT UNPACKING pc=0x00000260f65b6da2 sp=0x000000c279efe0d0 mode 2
Event: 34237.469 Thread 0x00000260cb201f00 Uncommon trap: trap_request=0xffffffbe fr.pc=0x00000260f753f458 relative=0x00000000000001b8
Event: 34237.469 Thread 0x00000260cb201f00 Uncommon trap: reason=profile_predicate action=maybe_recompile pc=0x00000260f753f458 method=org.eclipse.jdt.internal.compiler.util.SimpleSetOfCharArray.asArray([Ljava/lang/Object;)V @ 61 c2
Event: 34237.469 Thread 0x00000260cb201f00 DEOPT PACKING pc=0x00000260f753f458 sp=0x000000c279efdc60
Event: 34237.469 Thread 0x00000260cb201f00 DEOPT UNPACKING pc=0x00000260f65b6da2 sp=0x000000c279efdbf0 mode 2

Classes loaded (20 events):
Event: 34213.058 Loading class java/io/CharArrayReader
Event: 34213.058 Loading class java/io/CharArrayReader done
Event: 34213.059 Loading class java/util/regex/Pattern$Bound
Event: 34213.059 Loading class java/util/regex/Pattern$Bound done
Event: 34214.817 Loading class jdk/internal/module/IllegalAccessLogger
Event: 34214.817 Loading class jdk/internal/module/IllegalAccessLogger done
Event: 34218.574 Loading class jdk/internal/module/IllegalAccessLogger
Event: 34218.574 Loading class jdk/internal/module/IllegalAccessLogger done
Event: 34220.711 Loading class jdk/internal/module/IllegalAccessLogger
Event: 34220.711 Loading class jdk/internal/module/IllegalAccessLogger done
Event: 34225.030 Loading class jdk/internal/module/IllegalAccessLogger
Event: 34225.030 Loading class jdk/internal/module/IllegalAccessLogger done
Event: 34228.011 Loading class jdk/internal/module/IllegalAccessLogger
Event: 34228.011 Loading class jdk/internal/module/IllegalAccessLogger done
Event: 34234.765 Loading class jdk/internal/module/IllegalAccessLogger
Event: 34234.765 Loading class jdk/internal/module/IllegalAccessLogger done
Event: 34238.212 Loading class jdk/internal/module/IllegalAccessLogger
Event: 34238.212 Loading class jdk/internal/module/IllegalAccessLogger done
Event: 34242.205 Loading class jdk/internal/module/IllegalAccessLogger
Event: 34242.205 Loading class jdk/internal/module/IllegalAccessLogger done

Classes unloaded (20 events):
Event: 34205.087 Thread 0x00000260ebede9e0 Unloading class 0x000002608301ec00 'java/lang/invoke/LambdaForm$MH+0x000002608301ec00'
Event: 34205.087 Thread 0x00000260ebede9e0 Unloading class 0x0000026083018800 'java/lang/invoke/LambdaForm$MH+0x0000026083018800'
Event: 34205.087 Thread 0x00000260ebede9e0 Unloading class 0x000002608300d800 'java/lang/invoke/LambdaForm$MH+0x000002608300d800'
Event: 34205.088 Thread 0x00000260ebede9e0 Unloading class 0x000002608300d400 'java/lang/invoke/LambdaForm$MH+0x000002608300d400'
Event: 34205.088 Thread 0x00000260ebede9e0 Unloading class 0x000002608300d000 'java/lang/invoke/LambdaForm$MH+0x000002608300d000'
Event: 34205.088 Thread 0x00000260ebede9e0 Unloading class 0x000002608300cc00 'java/lang/invoke/LambdaForm$MH+0x000002608300cc00'
Event: 34205.088 Thread 0x00000260ebede9e0 Unloading class 0x000002608300c800 'java/lang/invoke/LambdaForm$BMH+0x000002608300c800'
Event: 34205.088 Thread 0x00000260ebede9e0 Unloading class 0x000002608300c000 'java/lang/invoke/LambdaForm$DMH+0x000002608300c000'
Event: 34205.090 Thread 0x00000260ebede9e0 Unloading class 0x0000026083008400 'java/lang/invoke/LambdaForm$MH+0x0000026083008400'
Event: 34205.090 Thread 0x00000260ebede9e0 Unloading class 0x0000026083008000 'java/lang/invoke/LambdaForm$MH+0x0000026083008000'
Event: 34205.090 Thread 0x00000260ebede9e0 Unloading class 0x0000026083007c00 'java/lang/invoke/LambdaForm$MH+0x0000026083007c00'
Event: 34205.090 Thread 0x00000260ebede9e0 Unloading class 0x0000026083006800 'java/lang/invoke/LambdaForm$MH+0x0000026083006800'
Event: 34205.090 Thread 0x00000260ebede9e0 Unloading class 0x0000026083006000 'java/lang/invoke/LambdaForm$MH+0x0000026083006000'
Event: 34205.091 Thread 0x00000260ebede9e0 Unloading class 0x0000026083005c00 'java/lang/invoke/LambdaForm$MH+0x0000026083005c00'
Event: 34205.091 Thread 0x00000260ebede9e0 Unloading class 0x0000026083005800 'java/lang/invoke/LambdaForm$MH+0x0000026083005800'
Event: 34205.091 Thread 0x00000260ebede9e0 Unloading class 0x0000026083005400 'java/lang/invoke/LambdaForm$BMH+0x0000026083005400'
Event: 34205.092 Thread 0x00000260ebede9e0 Unloading class 0x0000026083004000 'java/lang/invoke/LambdaForm$DMH+0x0000026083004000'
Event: 34205.093 Thread 0x00000260ebede9e0 Unloading class 0x0000026083002400 'java/lang/invoke/LambdaForm$MH+0x0000026083002400'
Event: 34205.093 Thread 0x00000260ebede9e0 Unloading class 0x0000026083002000 'java/lang/invoke/LambdaForm$MH+0x0000026083002000'
Event: 34205.093 Thread 0x00000260ebede9e0 Unloading class 0x0000026083001800 'java/lang/invoke/LambdaForm$MH+0x0000026083001800'

Classes redefined (0 events):
No events

Internal exceptions (20 events):
Event: 34232.939 Thread 0x00000260ca180a50 Exception <a 'java/lang/ArrayIndexOutOfBoundsException'{0x00000000eae7be40}> (0x00000000eae7be40) 
thrown [s\src\hotspot\share\runtime\sharedRuntime.cpp, line 625]
Event: 34232.939 Thread 0x00000260ca180a50 Exception <a 'java/lang/ArrayIndexOutOfBoundsException'{0x00000000eae7c418}> (0x00000000eae7c418) 
thrown [s\src\hotspot\share\runtime\sharedRuntime.cpp, line 625]
Event: 34233.314 Thread 0x00000260ca180a50 Exception <a 'java/lang/ArrayIndexOutOfBoundsException'{0x00000000eaca0820}> (0x00000000eaca0820) 
thrown [s\src\hotspot\share\runtime\sharedRuntime.cpp, line 625]
Event: 34233.314 Thread 0x00000260ca180a50 Exception <a 'java/lang/ArrayIndexOutOfBoundsException'{0x00000000eaca0e60}> (0x00000000eaca0e60) 
thrown [s\src\hotspot\share\runtime\sharedRuntime.cpp, line 625]
Event: 34233.314 Thread 0x00000260ca180a50 Exception <a 'java/lang/ArrayIndexOutOfBoundsException'{0x00000000eaca1188}> (0x00000000eaca1188) 
thrown [s\src\hotspot\share\runtime\sharedRuntime.cpp, line 625]
Event: 34233.334 Thread 0x00000260ca180a50 Exception <a 'java/lang/ArrayIndexOutOfBoundsException'{0x00000000eabe61f0}> (0x00000000eabe61f0) 
thrown [s\src\hotspot\share\runtime\sharedRuntime.cpp, line 625]
Event: 34233.334 Thread 0x00000260ca180a50 Exception <a 'java/lang/ArrayIndexOutOfBoundsException'{0x00000000eabe67c8}> (0x00000000eabe67c8) 
thrown [s\src\hotspot\share\runtime\sharedRuntime.cpp, line 625]
Event: 34233.531 Thread 0x00000260ca180a50 Exception <a 'java/lang/ArrayIndexOutOfBoundsException'{0x00000000eae2c6e8}> (0x00000000eae2c6e8) 
thrown [s\src\hotspot\share\runtime\sharedRuntime.cpp, line 625]
Event: 34233.531 Thread 0x00000260ca180a50 Exception <a 'java/lang/ArrayIndexOutOfBoundsException'{0x00000000eae2cd28}> (0x00000000eae2cd28) 
thrown [s\src\hotspot\share\runtime\sharedRuntime.cpp, line 625]
Event: 34233.531 Thread 0x00000260ca180a50 Exception <a 'java/lang/ArrayIndexOutOfBoundsException'{0x00000000eae2d050}> (0x00000000eae2d050) 
thrown [s\src\hotspot\share\runtime\sharedRuntime.cpp, line 625]
Event: 34233.552 Thread 0x00000260ca180a50 Exception <a 'java/lang/ArrayIndexOutOfBoundsException'{0x00000000ead12228}> (0x00000000ead12228) 
thrown [s\src\hotspot\share\runtime\sharedRuntime.cpp, line 625]
Event: 34233.552 Thread 0x00000260ca180a50 Exception <a 'java/lang/ArrayIndexOutOfBoundsException'{0x00000000ead12800}> (0x00000000ead12800) 
thrown [s\src\hotspot\share\runtime\sharedRuntime.cpp, line 625]
Event: 34234.575 Thread 0x00000260c3d48cc0 Exception <a 'sun/nio/fs/WindowsException'{0x00000000eae95ae8}> (0x00000000eae95ae8) 
thrown [s\src\hotspot\share\prims\jni.cpp, line 520]
Event: 34234.843 Thread 0x00000260c3d48cc0 Exception <a 'sun/nio/fs/WindowsException'{0x00000000eab157f0}> (0x00000000eab157f0) 
thrown [s\src\hotspot\share\prims\jni.cpp, line 520]
Event: 34234.871 Thread 0x00000260ca180a50 Exception <a 'java/lang/ArrayIndexOutOfBoundsException'{0x00000000eab23910}> (0x00000000eab23910) 
thrown [s\src\hotspot\share\runtime\sharedRuntime.cpp, line 625]
Event: 34234.871 Thread 0x00000260ca180a50 Exception <a 'java/lang/ArrayIndexOutOfBoundsException'{0x00000000eab23f50}> (0x00000000eab23f50) 
thrown [s\src\hotspot\share\runtime\sharedRuntime.cpp, line 625]
Event: 34234.871 Thread 0x00000260ca180a50 Exception <a 'java/lang/ArrayIndexOutOfBoundsException'{0x00000000eab24278}> (0x00000000eab24278) 
thrown [s\src\hotspot\share\runtime\sharedRuntime.cpp, line 625]
Event: 34238.062 Thread 0x00000260c3d48cc0 Exception <a 'sun/nio/fs/WindowsException'{0x00000000eab61c08}> (0x00000000eab61c08) 
thrown [s\src\hotspot\share\prims\jni.cpp, line 520]
Event: 34238.250 Thread 0x00000260c3d48cc0 Exception <a 'sun/nio/fs/WindowsException'{0x00000000ead9e888}> (0x00000000ead9e888) 
thrown [s\src\hotspot\share\prims\jni.cpp, line 520]
Event: 34242.068 Thread 0x00000260c3d48cc0 Exception <a 'sun/nio/fs/WindowsException'{0x00000000eb125c30}> (0x00000000eb125c30) 
thrown [s\src\hotspot\share\prims\jni.cpp, line 520]

ZGC Phase Switch (0 events):
No events

VM Operations (20 events):
Event: 34240.676 Executing VM operation: ParallelGCFailedAllocation (Allocation Failure) done
Event: 34240.966 Executing VM operation: ParallelGCFailedAllocation (Allocation Failure)
Event: 34240.968 Executing VM operation: ParallelGCFailedAllocation (Allocation Failure) done
Event: 34241.089 Executing VM operation: ParallelGCFailedAllocation (Allocation Failure)
Event: 34241.092 Executing VM operation: ParallelGCFailedAllocation (Allocation Failure) done
Event: 34241.310 Executing VM operation: ParallelGCFailedAllocation (Allocation Failure)
Event: 34241.313 Executing VM operation: ParallelGCFailedAllocation (Allocation Failure) done
Event: 34241.488 Executing VM operation: ParallelGCFailedAllocation (Allocation Failure)
Event: 34241.490 Executing VM operation: ParallelGCFailedAllocation (Allocation Failure) done
Event: 34241.768 Executing VM operation: ParallelGCFailedAllocation (Allocation Failure)
Event: 34241.771 Executing VM operation: ParallelGCFailedAllocation (Allocation Failure) done
Event: 34242.076 Executing VM operation: ParallelGCFailedAllocation (Allocation Failure)
Event: 34242.079 Executing VM operation: ParallelGCFailedAllocation (Allocation Failure) done
Event: 34242.099 Executing VM operation: ParallelGCFailedAllocation (Allocation Failure)
Event: 34242.108 Executing VM operation: ParallelGCFailedAllocation (Allocation Failure) done
Event: 34242.187 Executing VM operation: ParallelGCFailedAllocation (Allocation Failure)
Event: 34242.194 Executing VM operation: ParallelGCFailedAllocation (Allocation Failure) done
Event: 34242.214 Executing VM operation: ParallelGCFailedAllocation (Allocation Failure)
Event: 34242.220 Executing VM operation: ParallelGCFailedAllocation (Allocation Failure) done
Event: 34242.244 Executing VM operation: ParallelGCFailedAllocation (Allocation Failure)

Memory protections (0 events):
No events

Nmethod flushes (20 events):
Event: 34224.733 Thread 0x00000260ebede9e0 flushing osr nmethod 0x00000260f1669490
Event: 34224.733 Thread 0x00000260ebede9e0 flushing  nmethod 0x00000260f167b090
Event: 34224.733 Thread 0x00000260ebede9e0 flushing  nmethod 0x00000260f167b990
Event: 34224.733 Thread 0x00000260ebede9e0 flushing  nmethod 0x00000260f168e210
Event: 34224.733 Thread 0x00000260ebede9e0 flushing  nmethod 0x00000260f16a0790
Event: 34224.733 Thread 0x00000260ebede9e0 flushing  nmethod 0x00000260f16a8690
Event: 34224.733 Thread 0x00000260ebede9e0 flushing  nmethod 0x00000260f16aa090
Event: 34224.733 Thread 0x00000260ebede9e0 flushing  nmethod 0x00000260f16b3290
Event: 34224.733 Thread 0x00000260ebede9e0 flushing  nmethod 0x00000260f16b6790
Event: 34224.733 Thread 0x00000260ebede9e0 flushing  nmethod 0x00000260f16cb710
Event: 34224.733 Thread 0x00000260ebede9e0 flushing osr nmethod 0x00000260f16cd490
Event: 34224.733 Thread 0x00000260ebede9e0 flushing  nmethod 0x00000260f16d0310
Event: 34224.733 Thread 0x00000260ebede9e0 flushing  nmethod 0x00000260f16f3c90
Event: 34224.733 Thread 0x00000260ebede9e0 flushing  nmethod 0x00000260f16f7190
Event: 34224.733 Thread 0x00000260ebede9e0 flushing osr nmethod 0x00000260f1760590
Event: 34224.733 Thread 0x00000260ebede9e0 flushing osr nmethod 0x00000260f1774d10
Event: 34224.734 Thread 0x00000260ebede9e0 flushing  nmethod 0x00000260f1780610
Event: 34224.734 Thread 0x00000260ebede9e0 flushing  nmethod 0x00000260f17ea090
Event: 34224.734 Thread 0x00000260ebede9e0 flushing  nmethod 0x00000260f17eab10
Event: 34224.734 Thread 0x00000260ebede9e0 flushing  nmethod 0x00000260f17ed090

Events (20 events):
Event: 34152.110 Thread 0x00000260d5e645e0 Thread exited: 0x00000260d5e645e0
Event: 34201.267 Thread 0x00000260d5e63230 Thread added: 0x00000260d5e645e0
Event: 34203.696 Thread 0x00000260c3d45ed0 Thread added: 0x00000260cb2032b0
Event: 34204.063 Thread 0x00000260ca17f6a0 Thread added: 0x00000260cb1ff7a0
Event: 34206.717 Thread 0x00000260cb2032b0 Thread added: 0x00000260cb203940
Event: 34209.434 Thread 0x00000260c3d45ed0 Thread added: 0x00000260cb2011e0
Event: 34209.901 Thread 0x00000260ca180a50 Thread added: 0x00000260cb1ffe30
Event: 34210.460 Thread 0x00000260ca17f6a0 Thread added: 0x00000260cb201870
Event: 34210.908 Thread 0x00000260cb2011e0 Thread added: 0x00000260cb201f00
Event: 34214.786 Thread 0x00000260ca17f6a0 Thread added: 0x00000260cb1fdd60
Event: 34214.859 Thread 0x00000260ca17f6a0 Thread added: 0x00000260cb1fc9b0
Event: 34218.534 Thread 0x00000260cb2032b0 Thread added: 0x00000260c8a9f8b0
Event: 34218.585 Thread 0x00000260cb2032b0 Thread added: 0x00000260c8a99640
Event: 34220.684 Thread 0x00000260cb2011e0 Thread added: 0x00000260c8a9cac0
Event: 34220.729 Thread 0x00000260cb2011e0 Thread added: 0x00000260c8a9d7e0
Event: 34224.947 Thread 0x00000260ebeea8e0 Thread added: 0x00000260d7f4e530
Event: 34224.972 Thread 0x00000260cb2011e0 Thread added: 0x00000260c8a9e500
Event: 34225.623 Thread 0x00000260d7f4e530 Thread exited: 0x00000260d7f4e530
Event: 34227.985 Thread 0x00000260ca17f6a0 Thread added: 0x00000260c8a9ff40
Event: 34228.058 Thread 0x00000260ca17f6a0 Thread added: 0x00000260c8a9a9f0


Dynamic libraries:
0x00007ff60e7e0000 - 0x00007ff60e7ee000 	c:\Users\Admin\.vscode\extensions\redhat.java-1.42.0-win32-x64\jre\21.0.7-win32-x86_64\bin\java.exe
0x00007ffac7270000 - 0x00007ffac7487000 	C:\WINDOWS\SYSTEM32\ntdll.dll
0x00007ffac6140000 - 0x00007ffac6204000 	C:\WINDOWS\System32\KERNEL32.DLL
0x00007ffac4580000 - 0x00007ffac4953000 	C:\WINDOWS\System32\KERNELBASE.dll
0x00007ffac4960000 - 0x00007ffac4a71000 	C:\WINDOWS\System32\ucrtbase.dll
0x00007ffab6170000 - 0x00007ffab618e000 	c:\Users\Admin\.vscode\extensions\redhat.java-1.42.0-win32-x64\jre\21.0.7-win32-x86_64\bin\VCRUNTIME140.dll
0x00007ffabb890000 - 0x00007ffabb8a8000 	c:\Users\Admin\.vscode\extensions\redhat.java-1.42.0-win32-x64\jre\21.0.7-win32-x86_64\bin\jli.dll
0x00007ffac6a10000 - 0x00007ffac6bc1000 	C:\WINDOWS\System32\USER32.dll
0x00007ffac4b00000 - 0x00007ffac4b26000 	C:\WINDOWS\System32\win32u.dll
0x00007ffac5b30000 - 0x00007ffac5b59000 	C:\WINDOWS\System32\GDI32.dll
0x00007ffac4b30000 - 0x00007ffac4c52000 	C:\WINDOWS\System32\gdi32full.dll
0x00007ffac4da0000 - 0x00007ffac4e3a000 	C:\WINDOWS\System32\msvcp_win.dll
0x00007ffaaa290000 - 0x00007ffaaa52b000 	C:\WINDOWS\WinSxS\amd64_microsoft.windows.common-controls_6595b64144ccf1df_6.0.22621.5262_none_2712bde373830908\COMCTL32.dll
0x00007ffac5b60000 - 0x00007ffac5c07000 	C:\WINDOWS\System32\msvcrt.dll
0x00007ffac5f00000 - 0x00007ffac5f31000 	C:\WINDOWS\System32\IMM32.DLL
0x00007ffabf150000 - 0x00007ffabf15c000 	c:\Users\Admin\.vscode\extensions\redhat.java-1.42.0-win32-x64\jre\21.0.7-win32-x86_64\bin\vcruntime140_1.dll
0x00007ffa97fe0000 - 0x00007ffa9806d000 	c:\Users\Admin\.vscode\extensions\redhat.java-1.42.0-win32-x64\jre\21.0.7-win32-x86_64\bin\msvcp140.dll
0x00007ffa29350000 - 0x00007ffa2a0e0000 	c:\Users\Admin\.vscode\extensions\redhat.java-1.42.0-win32-x64\jre\21.0.7-win32-x86_64\bin\server\jvm.dll
0x00007ffac5c80000 - 0x00007ffac5d31000 	C:\WINDOWS\System32\ADVAPI32.dll
0x00007ffac5e50000 - 0x00007ffac5ef7000 	C:\WINDOWS\System32\sechost.dll
0x00007ffac4550000 - 0x00007ffac4578000 	C:\WINDOWS\System32\bcrypt.dll
0x00007ffac5f40000 - 0x00007ffac6054000 	C:\WINDOWS\System32\RPCRT4.dll
0x00007ffac50b0000 - 0x00007ffac5121000 	C:\WINDOWS\System32\WS2_32.dll
0x00007ffabc330000 - 0x00007ffabc33a000 	C:\WINDOWS\SYSTEM32\VERSION.dll
0x00007ffac31c0000 - 0x00007ffac320d000 	C:\WINDOWS\SYSTEM32\POWRPROF.dll
0x00007ffabc570000 - 0x00007ffabc5a4000 	C:\WINDOWS\SYSTEM32\WINMM.dll
0x00007ffac31a0000 - 0x00007ffac31b3000 	C:\WINDOWS\SYSTEM32\UMPDC.dll
0x00007ffac3470000 - 0x00007ffac3488000 	C:\WINDOWS\SYSTEM32\kernel.appcore.dll
0x00007ffabdf50000 - 0x00007ffabdf5a000 	c:\Users\Admin\.vscode\extensions\redhat.java-1.42.0-win32-x64\jre\21.0.7-win32-x86_64\bin\jimage.dll
0x00007ffac1ca0000 - 0x00007ffac1ed2000 	C:\WINDOWS\SYSTEM32\DBGHELP.DLL
0x00007ffac6bd0000 - 0x00007ffac6f63000 	C:\WINDOWS\System32\combase.dll
0x00007ffac6240000 - 0x00007ffac6317000 	C:\WINDOWS\System32\OLEAUT32.dll
0x00007ffab54a0000 - 0x00007ffab54d2000 	C:\WINDOWS\SYSTEM32\dbgcore.DLL
0x00007ffac4a80000 - 0x00007ffac4afb000 	C:\WINDOWS\System32\bcryptPrimitives.dll
0x00007ffabd600000 - 0x00007ffabd60f000 	c:\Users\Admin\.vscode\extensions\redhat.java-1.42.0-win32-x64\jre\21.0.7-win32-x86_64\bin\instrument.dll
0x00007ffab60e0000 - 0x00007ffab60ff000 	c:\Users\Admin\.vscode\extensions\redhat.java-1.42.0-win32-x64\jre\21.0.7-win32-x86_64\bin\java.dll
0x00007ffac5130000 - 0x00007ffac59cd000 	C:\WINDOWS\System32\SHELL32.dll
0x00007ffac4c60000 - 0x00007ffac4d9f000 	C:\WINDOWS\System32\wintypes.dll
0x00007ffac2260000 - 0x00007ffac2b7d000 	C:\WINDOWS\SYSTEM32\windows.storage.dll
0x00007ffac5d40000 - 0x00007ffac5e4b000 	C:\WINDOWS\System32\SHCORE.dll
0x00007ffac5c10000 - 0x00007ffac5c76000 	C:\WINDOWS\System32\shlwapi.dll
0x00007ffac4290000 - 0x00007ffac42bb000 	C:\WINDOWS\SYSTEM32\profapi.dll
0x00007ffab6100000 - 0x00007ffab6118000 	c:\Users\Admin\.vscode\extensions\redhat.java-1.42.0-win32-x64\jre\21.0.7-win32-x86_64\bin\zip.dll
0x00007ffabb860000 - 0x00007ffabb870000 	C:\Users\Admin\.vscode\extensions\redhat.java-1.42.0-win32-x64\jre\21.0.7-win32-x86_64\bin\net.dll
0x00007ffabdf80000 - 0x00007ffabe0ac000 	C:\WINDOWS\SYSTEM32\WINHTTP.dll
0x00007ffac3910000 - 0x00007ffac397a000 	C:\WINDOWS\system32\mswsock.dll
0x00007ffaab170000 - 0x00007ffaab186000 	C:\Users\Admin\.vscode\extensions\redhat.java-1.42.0-win32-x64\jre\21.0.7-win32-x86_64\bin\nio.dll
0x00007ffab6c30000 - 0x00007ffab6c40000 	c:\Users\Admin\.vscode\extensions\redhat.java-1.42.0-win32-x64\jre\21.0.7-win32-x86_64\bin\verify.dll
0x00007ffa97d70000 - 0x00007ffa97db5000 	C:\Users\Admin\AppData\Roaming\Code\User\globalStorage\redhat.java\1.42.0\config_win\org.eclipse.equinox.launcher\org.eclipse.equinox.launcher.win32.win32.x86_64_1.2.1300.v20250331-1702\eclipse_11911.dll
0x00007ffac4f00000 - 0x00007ffac50a1000 	C:\WINDOWS\System32\ole32.dll
0x00007ffac3b60000 - 0x00007ffac3b7b000 	C:\WINDOWS\SYSTEM32\CRYPTSP.dll
0x00007ffac33d0000 - 0x00007ffac3407000 	C:\WINDOWS\system32\rsaenh.dll
0x00007ffac3a00000 - 0x00007ffac3a28000 	C:\WINDOWS\SYSTEM32\USERENV.dll
0x00007ffac3b80000 - 0x00007ffac3b8c000 	C:\WINDOWS\SYSTEM32\CRYPTBASE.dll
0x00007ffac2e50000 - 0x00007ffac2e7d000 	C:\WINDOWS\SYSTEM32\IPHLPAPI.DLL
0x00007ffac6230000 - 0x00007ffac6239000 	C:\WINDOWS\System32\NSI.dll
0x00007ffa86380000 - 0x00007ffa863c9000 	C:\Users\Admin\AppData\Local\Temp\jna-63116079\jna10521573503334079208.dll
0x00007ffac6a00000 - 0x00007ffac6a08000 	C:\WINDOWS\System32\PSAPI.DLL
0x00007ffabcb50000 - 0x00007ffabcb69000 	C:\WINDOWS\SYSTEM32\dhcpcsvc6.DLL
0x00007ffabc870000 - 0x00007ffabc88f000 	C:\WINDOWS\SYSTEM32\dhcpcsvc.DLL
0x00007ffab6020000 - 0x00007ffab602e000 	C:\Users\Admin\.vscode\extensions\redhat.java-1.42.0-win32-x64\jre\21.0.7-win32-x86_64\bin\sunmscapi.dll
0x00007ffac4360000 - 0x00007ffac44c7000 	C:\WINDOWS\System32\CRYPT32.dll
0x00007ffac3d00000 - 0x00007ffac3d2d000 	C:\WINDOWS\SYSTEM32\ncrypt.dll
0x00007ffac3cc0000 - 0x00007ffac3cf7000 	C:\WINDOWS\SYSTEM32\NTASN1.dll
0x00007ffac2e80000 - 0x00007ffac2f78000 	C:\WINDOWS\SYSTEM32\DNSAPI.dll
0x00007ffabde70000 - 0x00007ffabde7a000 	C:\Windows\System32\rasadhlp.dll
0x00007ffabc1a0000 - 0x00007ffabc223000 	C:\WINDOWS\System32\fwpuclnt.dll
0x00007ffaa9b30000 - 0x00007ffaa9b39000 	C:\Users\Admin\.vscode\extensions\redhat.java-1.42.0-win32-x64\jre\21.0.7-win32-x86_64\bin\extnet.dll
0x00007ffac35a0000 - 0x00007ffac35d4000 	C:\WINDOWS\SYSTEM32\ntmarta.dll

dbghelp: loaded successfully - version: 4.0.5 - missing functions: none
symbol engine: initialized successfully - sym options: 0x614 - pdb path: .;c:\Users\Admin\.vscode\extensions\redhat.java-1.42.0-win32-x64\jre\21.0.7-win32-x86_64\bin;C:\WINDOWS\SYSTEM32;C:\WINDOWS\WinSxS\amd64_microsoft.windows.common-controls_6595b64144ccf1df_6.0.22621.5262_none_2712bde373830908;c:\Users\Admin\.vscode\extensions\redhat.java-1.42.0-win32-x64\jre\21.0.7-win32-x86_64\bin\server;C:\Users\Admin\AppData\Roaming\Code\User\globalStorage\redhat.java\1.42.0\config_win\org.eclipse.equinox.launcher\org.eclipse.equinox.launcher.win32.win32.x86_64_1.2.1300.v20250331-1702;C:\Users\Admin\AppData\Local\Temp\jna-63116079

VM Arguments:
jvm_args: --add-modules=ALL-SYSTEM --add-opens=java.base/java.util=ALL-UNNAMED --add-opens=java.base/java.lang=ALL-UNNAMED --add-opens=java.base/sun.nio.fs=ALL-UNNAMED -Declipse.application=org.eclipse.jdt.ls.core.id1 -Dosgi.bundles.defaultStartLevel=4 -Declipse.product=org.eclipse.jdt.ls.core.product -Djava.import.generatesMetadataFilesAtProjectRoot=false -DDetectVMInstallationsJob.disabled=true -Dfile.encoding=utf8 -XX:+UseParallelGC -XX:GCTimeRatio=4 -XX:AdaptiveSizePolicyWeight=90 -Dsun.zip.disableMemoryMapping=true -Xmx1G -Xms100m -Xlog:disable -javaagent:c:\Users\Admin\.vscode\extensions\redhat.java-1.42.0-win32-x64\lombok\lombok-1.18.36.jar -XX:+HeapDumpOnOutOfMemoryError -XX:HeapDumpPath=c:\Users\Admin\AppData\Roaming\Code\User\workspaceStorage\f5ab5f417d9b430d7d4c03e689742e48\redhat.java -Daether.dependencyCollector.impl=bf 
java_command: c:\Users\Admin\.vscode\extensions\redhat.java-1.42.0-win32-x64\server\plugins\org.eclipse.equinox.launcher_1.7.0.v20250424-1814.jar -configuration c:\Users\Admin\AppData\Roaming\Code\User\globalStorage\redhat.java\1.42.0\config_win -data c:\Users\Admin\AppData\Roaming\Code\User\workspaceStorage\f5ab5f417d9b430d7d4c03e689742e48\redhat.java\jdt_ws --pipe=\\.\pipe\lsp-eab576f7184d4a9978935c76e271951f-sock
java_class_path (initial): c:\Users\Admin\.vscode\extensions\redhat.java-1.42.0-win32-x64\server\plugins\org.eclipse.equinox.launcher_1.7.0.v20250424-1814.jar
Launcher Type: SUN_STANDARD

[Global flags]
    uintx AdaptiveSizePolicyWeight                 = 90                                        {product} {command line}
     intx CICompilerCount                          = 4                                         {product} {ergonomic}
    uintx GCTimeRatio                              = 4                                         {product} {command line}
     bool HeapDumpOnOutOfMemoryError               = true                                   {manageable} {command line}
    ccstr HeapDumpPath                             = c:\Users\Admin\AppData\Roaming\Code\User\workspaceStorage\f5ab5f417d9b430d7d4c03e689742e48\redhat.java         {manageable} {command line}
   size_t InitialHeapSize                          = 104857600                                 {product} {command line}
   size_t MaxHeapSize                              = 1073741824                                {product} {command line}
   size_t MaxNewSize                               = 357564416                                 {product} {ergonomic}
   size_t MinHeapDeltaBytes                        = 524288                                    {product} {ergonomic}
   size_t MinHeapSize                              = 104857600                                 {product} {command line}
   size_t NewSize                                  = 34603008                                  {product} {ergonomic}
    uintx NonNMethodCodeHeapSize                   = 5839372                                {pd product} {ergonomic}
    uintx NonProfiledCodeHeapSize                  = 122909434                              {pd product} {ergonomic}
   size_t OldSize                                  = 70254592                                  {product} {ergonomic}
    uintx ProfiledCodeHeapSize                     = 122909434                              {pd product} {ergonomic}
    uintx ReservedCodeCacheSize                    = 251658240                              {pd product} {ergonomic}
     bool SegmentedCodeCache                       = true                                      {product} {ergonomic}
   size_t SoftMaxHeapSize                          = 1073741824                             {manageable} {ergonomic}
     bool UseCompressedOops                        = true                           {product lp64_product} {ergonomic}
     bool UseLargePagesIndividualAllocation        = false                                  {pd product} {ergonomic}
     bool UseParallelGC                            = true                                      {product} {command line}

Logging:
Log output configuration:
 #0: stdout all=off uptime,level,tags foldmultilines=false
 #1: stderr all=off uptime,level,tags foldmultilines=false

Environment Variables:
JAVA_HOME=C:\Users\Admin\Downloads\jdk-22_windows-x64_bin\jdk-22.0.1
PATH=C:\Python313\Scripts\;C:\Python313\;C:\Program Files\Common Files\Oracle\Java\javapath;C:\Program Files (x86)\Common Files\Oracle\Java\java8path;C:\Program Files (x86)\Common Files\Oracle\Java\javapath;C:\Program Files\Microsoft MPI\Bin\;C:\Windows\system32;C:\Windows;C:\Windows\System32\Wbem;C:\Windows\System32\WindowsPowerShell\v1.0\;C:\Windows\System32\OpenSSH\;C:\Program Files (x86)\NVIDIA Corporation\PhysX\Common;C:\Program Files\NVIDIA Corporation\NVIDIA NvDLISR;C:\WINDOWS\system32;C:\WINDOWS;C:\WINDOWS\System32\Wbem;C:\WINDOWS\System32\WindowsPowerShell\v1.0\;C:\WINDOWS\System32\OpenSSH\;C:\Program Files\dotnet\;C:\Program Files (x86)\Microsoft SQL Server\160\Tools\Binn\;C:\Program Files\Microsoft SQL Server\160\Tools\Binn\;C:\Program Files\Microsoft SQL Server\Client SDK\ODBC\170\Tools\Binn\;C:\Program Files\Microsoft SQL Server\160\DTS\Binn\;C:\Program Files (x86)\Microsoft SQL Server\160\DTS\Binn\;C:\Program Files\Azure Data Studio\bin;C:\Users\Admin\Downloads\jdk-22_windows-x64_bin\jdk-22.0.1\bin;C:\Users\Admin\Downloads\apache-maven-3.9.6\bin;C:\Users\Admin\Downloads\apache-maven-3.9.6\bin;C:\Users\Admin\Downloads\jdk-22_windows-x64_bin\myprj\movewar.bat;C:\Program Files\Git\cmd;C:\Program Files\Docker\Docker\resources\bin;C:\Program Files\nodejs\;C:\ProgramData\chocolatey\bin;C:\Users\Admin\AppData\Local\Programs\Python\Launcher\;C:\Program Files\MySQL\MySQL Shell 8.0\bin\;C:\texlive\2022\bin\win32;C:\Users\Admin\AppData\Local\Microsoft\WindowsApps;C:\Users\Admin\AppData\Local\Programs\MiKTeX\miktex\bin\x64\;C:\Users\Admin\AppData\Local\Programs\Microsoft VS Code\bin;C:\Program Files\Azure Data Studio\bin;C:\MinGW\bin;C:\Users\Admin\Downloads\apache-maven-3.9.6\bin\mvn;C:\Users\Admin\Downloads\jdk-22_windows-x64_bin\jdk-22.0.1\bin;C:\Users\Admin\AppData\Roaming\npm;C:\Programing Files\nodejs;C:\Users\Admin\AppData\Local\GitHubDesktop\bin;F:\IntelliJ IDEA 2025.1\bin;
USERNAME=Admin
OS=Windows_NT
PROCESSOR_IDENTIFIER=Intel64 Family 6 Model 141 Stepping 1, GenuineIntel
TMP=C:\Users\Admin\AppData\Local\Temp
TEMP=C:\Users\Admin\AppData\Local\Temp




Periodic native trim disabled

---------------  S Y S T E M  ---------------

OS:
 Windows 11 , 64 bit Build 22621 (10.0.22621.5262)
OS uptime: 4 days 1:53 hours
Hyper-V role detected

CPU: total 12 (initial active 12) (6 cores per cpu, 2 threads per core) family 6 model 141 stepping 1 microcode 0x56, cx8, cmov, fxsr, ht, mmx, 3dnowpref, sse, sse2, sse3, ssse3, sse4.1, sse4.2, popcnt, lzcnt, tsc, tscinvbit, avx, avx2, aes, erms, clmul, bmi1, bmi2, adx, avx512f, avx512dq, avx512cd, avx512bw, avx512vl, sha, fma, vzeroupper, avx512_vpopcntdq, avx512_vpclmulqdq, avx512_vaes, avx512_vnni, clflush, clflushopt, clwb, avx512_vbmi2, avx512_vbmi, hv, rdtscp, rdpid, fsrm, gfni, avx512_bitalg, f16c, cet_ibt, cet_ss, avx512_ifma
Processor Information for the first 12 processors :
  Max Mhz: 2688, Current Mhz: 2688, Mhz Limit: 2688

Memory: 4k page, system-wide physical 7922M (155M free)
TotalPageFile size 29569M (AvailPageFile size 4M)
current process WorkingSet (physical memory assigned to process): 756M, peak: 959M
current process commit charge ("private bytes"): 873M, peak: 1039M

vm_info: OpenJDK 64-Bit Server VM (21.0.7+6-LTS) for windows-amd64 JRE (21.0.7+6-LTS), built on 2025-04-15T00:00:00Z by "admin" with MS VC++ 17.7 (VS2022)

END.
